#
# A fatal error has been detected by the Java Runtime Environment:
#
#  EXCEPTION_ACCESS_VIOLATION (0xc0000005) at pc=0x00007ff9b01716a1, pid=30320, tid=30076
#
# JRE version: Java(TM) SE Runtime Environment 18.9 (11.0.16.1+1) (build 11.0.16.1+1-LTS-1)
# Java VM: Java HotSpot(TM) 64-Bit Server VM 18.9 (11.0.16.1+1-LTS-1, mixed mode, tiered, compressed oops, g1 gc, windows-amd64)
# Problematic frame:
# V  [jvm.dll+0x3116a1]
#
# No core dump will be written. Minidumps are not enabled by default on client versions of Windows
#
# If you would like to submit a bug report, please visit:
#   https://bugreport.java.com/bugreport/crash.jsp
#

---------------  S U M M A R Y ------------

Command Line: -javaagent:C:\Program Files\JetBrains\IntelliJ IDEA Community Edition 2022.2.2\lib\idea_rt.jar=63931:C:\Program Files\JetBrains\IntelliJ IDEA Community Edition 2022.2.2\bin -Dfile.encoding=UTF-8 com.revature.SocialMediaApplication

Host: AMD Ryzen 7 3700X 8-Core Processor             , 16 cores, 15G,  Windows 11 , 64 bit Build 22000 (10.0.22000.1219)
Time: Tue Nov 15 07:26:46 2022 Pacific Standard Time elapsed time: 6.207096 seconds (0d 0h 0m 6s)

---------------  T H R E A D  ---------------

Current thread (0x000001ef69fa7000):  JavaThread "C2 CompilerThread0" daemon [_thread_in_native, id=30076, stack(0x00000012c0200000,0x00000012c0300000)]


Current CompileTask:
C2:   6207 6405       4       org.springframework.core.ResolvableType::forType (115 bytes)

Stack: [0x00000012c0200000,0x00000012c0300000],  sp=0x00000012c02fb980,  free space=1006k
Native frames: (J=compiled Java code, j=interpreted, Vv=VM code, C=native code)
V  [jvm.dll+0x3116a1]
V  [jvm.dll+0x30ea06]
V  [jvm.dll+0x30e14a]
V  [jvm.dll+0x1f8685]
V  [jvm.dll+0x1f786d]
V  [jvm.dll+0x177c81]
V  [jvm.dll+0x207186]
V  [jvm.dll+0x20531b]
V  [jvm.dll+0x729f60]
V  [jvm.dll+0x722b34]
V  [jvm.dll+0x629276]
C  [ucrtbase.dll+0x26c0c]
C  [KERNEL32.DLL+0x15550]
C  [ntdll.dll+0x485b]


siginfo: EXCEPTION_ACCESS_VIOLATION (0xc0000005), reading address 0x0000040000000000


Register to memory mapping:

RIP=0x00007ff9b01716a1 jvm.dll
RAX=0x000001ef75eb0e20 points into unknown readable memory: 0x000001ef6ed40ad0 | d0 0a d4 6e ef 01 00 00
RBX=0x0000040000000000 is an unknown value
RCX=0x000001ef75eb0d48 points into unknown readable memory: 0x00007ff9b064d250 | 50 d2 64 b0 f9 7f 00 00
RDX=0x000001ef741a9090 points into unknown readable memory: 0x000000000000007e | 7e 00 00 00 00 00 00 00
RSP=0x00000012c02fb980 is pointing into the stack for thread: 0x000001ef69fa7000
RBP=0x00000012c02fb9e0 is pointing into the stack for thread: 0x000001ef69fa7000
RSI=0x0 is NULL
RDI=0x0000000000000037 is an unknown value
R8 =64 is a compressed pointer to class: 0x0000000800000040
R9 =0x0 is NULL
R10=0x000001ef6ed3f528 points into unknown readable memory: 0x000001ef75d7a3c0 | c0 a3 d7 75 ef 01 00 00
R11=0x000001ef7454d950 points into unknown readable memory: 0x000001ef75d91aa0 | a0 1a d9 75 ef 01 00 00
R12=0x00000012c02fba90 is pointing into the stack for thread: 0x000001ef69fa7000
R13=0x000001ef69f3aff0 points into unknown readable memory: 0x7272756300000006 | 06 00 00 00 63 75 72 72
R14=0x000001ef75eb0d48 points into unknown readable memory: 0x00007ff9b064d250 | 50 d2 64 b0 f9 7f 00 00
R15=0x00000012c02fbef0 is pointing into the stack for thread: 0x000001ef69fa7000


Registers:
RAX=0x000001ef75eb0e20, RBX=0x0000040000000000, RCX=0x000001ef75eb0d48, RDX=0x000001ef741a9090
RSP=0x00000012c02fb980, RBP=0x00000012c02fb9e0, RSI=0x0000000000000000, RDI=0x0000000000000037
R8 =0x0000000000000040, R9 =0x0000000000000000, R10=0x000001ef6ed3f528, R11=0x000001ef7454d950
R12=0x00000012c02fba90, R13=0x000001ef69f3aff0, R14=0x000001ef75eb0d48, R15=0x00000012c02fbef0
RIP=0x00007ff9b01716a1, EFLAGS=0x0000000000010206

Top of Stack: (sp=0x00000012c02fb980)
0x00000012c02fb980:   00000012c02fbef0 0000000000000001
0x00000012c02fb990:   000001ef6d5c31b0 000001ef6ccd0000
0x00000012c02fb9a0:   0000337800000045 0000000000000000
0x00000012c02fb9b0:   0000000000000008 000001ef6d5c31b0
0x00000012c02fb9c0:   000001ef69f4de88 0000000000000000
0x00000012c02fb9d0:   000001ef74481030 00000000000002df
0x00000012c02fb9e0:   00000012c02fbaf0 00007ff9b016ea06
0x00000012c02fb9f0:   000001ef6b19e3d8 00000012c02fbef0
0x00000012c02fba00:   000001ef69f3aff0 000001ef6d48a040
0x00000012c02fba10:   000001ef6d48a050 00007ffa3b14632a
0x00000012c02fba20:   000001ef43ca0000 000001ef43ca0000
0x00000012c02fba30:   000000000000086c 0000000000000000
0x00000012c02fba40:   0000000000000031 0000000000000031
0x00000012c02fba50:   00000000830047c4 0000000000000000
0x00000012c02fba60:   0000000002000001 0000000000000001
0x00000012c02fba70:   0000000064000800 000000000000086c 

Instructions: (pc=0x00007ff9b01716a1)
0x00007ff9b0171681:   1c 33 f6 ff cf 41 3b 7e 18 0f 82 28 01 00 00 49
0x00007ff9b0171691:   8b 46 08 48 8b 1c f8 48 85 db 0f 84 8e 00 00 00
0x00007ff9b01716a1:   48 8b 03 48 8b cb ff 50 20 48 85 c0 75 58 8b 4b
0x00007ff9b01716b1:   2c 8b c1 24 3f 3c 20 75 09 48 8b 43 08 48 3b 18 


Stack slot to memory mapping:
stack at sp + 0 slots: 0x00000012c02fbef0 is pointing into the stack for thread: 0x000001ef69fa7000
stack at sp + 1 slots: 0x0000000000000001 is an unknown value
stack at sp + 2 slots: 0x000001ef6d5c31b0 points into unknown readable memory: 0x000001ef76149948 | 48 99 14 76 ef 01 00 00
stack at sp + 3 slots: 0x000001ef6ccd0000 points into unknown readable memory: 0x0000000000000000 | 00 00 00 00 00 00 00 00
stack at sp + 4 slots: 0x0000337800000045 is an unknown value
stack at sp + 5 slots: 0x0 is NULL
stack at sp + 6 slots: 0x0000000000000008 is an unknown value
stack at sp + 7 slots: 0x000001ef6d5c31b0 points into unknown readable memory: 0x000001ef76149948 | 48 99 14 76 ef 01 00 00


---------------  P R O C E S S  ---------------

Threads class SMR info:
_java_thread_list=0x000001ef7045df30, length=24, elements={
0x000001ef45ea2000, 0x000001ef69f19000, 0x000001ef69f45800, 0x000001ef69f97800,
0x000001ef69f98800, 0x000001ef69f9a800, 0x000001ef69fa7000, 0x000001ef69fa8000,
0x000001ef69fb5000, 0x000001ef6a11f000, 0x000001ef6a127000, 0x000001ef6a6e4000,
0x000001ef6a8c6000, 0x000001ef6ad32000, 0x000001ef6a8c4800, 0x000001ef6af24000,
0x000001ef6a134800, 0x000001ef6cfee000, 0x000001ef6acf7000, 0x000001ef6d7fa000,
0x000001ef6e136800, 0x000001ef6fda1800, 0x000001ef6fda0800, 0x000001ef6fd9f000
}

Java Threads: ( => current thread )
  0x000001ef45ea2000 JavaThread "main" [_thread_blocked, id=29980, stack(0x00000012bf600000,0x00000012bf700000)]
  0x000001ef69f19000 JavaThread "Reference Handler" daemon [_thread_blocked, id=3156, stack(0x00000012bfd00000,0x00000012bfe00000)]
  0x000001ef69f45800 JavaThread "Finalizer" daemon [_thread_blocked, id=19968, stack(0x00000012bfe00000,0x00000012bff00000)]
  0x000001ef69f97800 JavaThread "Signal Dispatcher" daemon [_thread_blocked, id=17540, stack(0x00000012bff00000,0x00000012c0000000)]
  0x000001ef69f98800 JavaThread "Attach Listener" daemon [_thread_blocked, id=12808, stack(0x00000012c0000000,0x00000012c0100000)]
  0x000001ef69f9a800 JavaThread "Service Thread" daemon [_thread_blocked, id=31160, stack(0x00000012c0100000,0x00000012c0200000)]
=>0x000001ef69fa7000 JavaThread "C2 CompilerThread0" daemon [_thread_in_native, id=30076, stack(0x00000012c0200000,0x00000012c0300000)]
  0x000001ef69fa8000 JavaThread "C1 CompilerThread0" daemon [_thread_blocked, id=28428, stack(0x00000012c0300000,0x00000012c0400000)]
  0x000001ef69fb5000 JavaThread "Sweeper thread" daemon [_thread_blocked, id=31512, stack(0x00000012c0400000,0x00000012c0500000)]
  0x000001ef6a11f000 JavaThread "Common-Cleaner" daemon [_thread_blocked, id=30788, stack(0x00000012c0500000,0x00000012c0600000)]
  0x000001ef6a127000 JavaThread "C1 CompilerThread1" daemon [_thread_blocked, id=25008, stack(0x00000012c0600000,0x00000012c0700000)]
  0x000001ef6a6e4000 JavaThread "Monitor Ctrl-Break" daemon [_thread_in_native, id=33784, stack(0x00000012c0800000,0x00000012c0900000)]
  0x000001ef6a8c6000 JavaThread "C1 CompilerThread2" daemon [_thread_blocked, id=22608, stack(0x00000012c0a00000,0x00000012c0b00000)]
  0x000001ef6ad32000 JavaThread "C1 CompilerThread3" daemon [_thread_blocked, id=30792, stack(0x00000012c0b00000,0x00000012c0c00000)]
  0x000001ef6a8c4800 JavaThread "Thread-0" [_thread_blocked, id=23900, stack(0x00000012c1200000,0x00000012c1300000)]
  0x000001ef6af24000 JavaThread "restartedMain" [_thread_in_native, id=380, stack(0x00000012c1300000,0x00000012c1400000)]
  0x000001ef6a134800 JavaThread "HikariPool-1 housekeeper" daemon [_thread_blocked, id=14472, stack(0x00000012c0700000,0x00000012c0800000)]
  0x000001ef6cfee000 JavaThread "Catalina-utility-1" [_thread_blocked, id=31524, stack(0x00000012c1900000,0x00000012c1a00000)]
  0x000001ef6acf7000 JavaThread "Catalina-utility-2" [_thread_blocked, id=30336, stack(0x00000012c1b00000,0x00000012c1c00000)]
  0x000001ef6d7fa000 JavaThread "container-0" [_thread_blocked, id=29160, stack(0x00000012c1c00000,0x00000012c1d00000)]
  0x000001ef6e136800 JavaThread "HikariPool-1 connection adder" daemon [_thread_in_native, id=32676, stack(0x00000012c1d00000,0x00000012c1e00000)]
  0x000001ef6fda1800 JavaThread "C2 CompilerThread1" daemon [_thread_in_native, id=33604, stack(0x00000012c0c00000,0x00000012c0d00000)]
  0x000001ef6fda0800 JavaThread "C2 CompilerThread2" daemon [_thread_in_native, id=14968, stack(0x00000012c1400000,0x00000012c1500000)]
  0x000001ef6fd9f000 JavaThread "C2 CompilerThread3" daemon [_thread_in_native, id=13552, stack(0x00000012c1e00000,0x00000012c1f00000)]

Other Threads:
  0x000001ef69f16800 VMThread "VM Thread" [stack: 0x00000012bfc00000,0x00000012bfd00000] [id=27616]
  0x000001ef6a468000 WatcherThread [stack: 0x00000012c0900000,0x00000012c0a00000] [id=33612]
  0x000001ef45eb9800 GCTaskThread "GC Thread#0" [stack: 0x00000012bf700000,0x00000012bf800000] [id=2500]
  0x000001ef6acef000 GCTaskThread "GC Thread#1" [stack: 0x00000012c0d00000,0x00000012c0e00000] [id=7440]
  0x000001ef6b041000 GCTaskThread "GC Thread#2" [stack: 0x00000012c0e00000,0x00000012c0f00000] [id=33760]
  0x000001ef6b041800 GCTaskThread "GC Thread#3" [stack: 0x00000012c0f00000,0x00000012c1000000] [id=25984]
  0x000001ef6b042800 GCTaskThread "GC Thread#4" [stack: 0x00000012c1000000,0x00000012c1100000] [id=31868]
  0x000001ef6b045000 GCTaskThread "GC Thread#5" [stack: 0x00000012c1100000,0x00000012c1200000] [id=2948]
  0x000001ef6b0a4000 GCTaskThread "GC Thread#6" [stack: 0x00000012c1500000,0x00000012c1600000] [id=22992]
  0x000001ef6b667000 GCTaskThread "GC Thread#7" [stack: 0x00000012c1600000,0x00000012c1700000] [id=19936]
  0x000001ef720c6800 GCTaskThread "GC Thread#8" [stack: 0x00000012c1f00000,0x00000012c2000000] [id=14492]
  0x000001ef71e7c800 GCTaskThread "GC Thread#9" [stack: 0x00000012c2000000,0x00000012c2100000] [id=17392]
  0x000001ef724d0800 GCTaskThread "GC Thread#10" [stack: 0x00000012c2100000,0x00000012c2200000] [id=31720]
  0x000001ef6ed69800 GCTaskThread "GC Thread#11" [stack: 0x00000012c2200000,0x00000012c2300000] [id=5132]
  0x000001ef43d9b000 ConcurrentGCThread "G1 Main Marker" [stack: 0x00000012bf800000,0x00000012bf900000] [id=10312]
  0x000001ef43d9d000 ConcurrentGCThread "G1 Conc#0" [stack: 0x00000012bf900000,0x00000012bfa00000] [id=15656]
  0x000001ef6b9dd800 ConcurrentGCThread "G1 Conc#1" [stack: 0x00000012c1700000,0x00000012c1800000] [id=32104]
  0x000001ef6b630800 ConcurrentGCThread "G1 Conc#2" [stack: 0x00000012c1800000,0x00000012c1900000] [id=12824]
  0x000001ef69466000 ConcurrentGCThread "G1 Refine#0" [stack: 0x00000012bfa00000,0x00000012bfb00000] [id=17248]
  0x000001ef69469000 ConcurrentGCThread "G1 Young RemSet Sampling" [stack: 0x00000012bfb00000,0x00000012bfc00000] [id=11524]

Threads with active compile tasks:
C2 CompilerThread0     6255 6405       4       org.springframework.core.ResolvableType::forType (115 bytes)
C2 CompilerThread1     6255 6490   !   4       java.util.concurrent.ConcurrentHashMap::transfer (828 bytes)
C2 CompilerThread2     6255 6570   !   4       org.springframework.core.annotation.AnnotationsScanner::processMethodHierarchy (276 bytes)
C2 CompilerThread3     6255 6395   !   4       org.springframework.util.ClassUtils::getMostSpecificMethod (72 bytes)

VM state:not at safepoint (normal execution)

VM Mutex/Monitor currently owned by a thread: None

Heap address: 0x0000000701400000, size: 4076 MB, Compressed Oops mode: Zero based, Oop shift amount: 3
Narrow klass base: 0x0000000800000000, Narrow klass shift: 0
Compressed class space size: 1073741824 Address: 0x0000000800000000

Heap:
 garbage-first heap   total 315392K, used 185232K [0x0000000701400000, 0x0000000800000000)
  region size 1024K, 176 young (180224K), 14 survivors (14336K)
 Metaspace       used 70049K, capacity 71856K, committed 72064K, reserved 1112064K
  class space    used 8789K, capacity 9491K, committed 9600K, reserved 1048576K
Heap Regions: E=young(eden), S=young(survivor), O=old, HS=humongous(starts), HC=humongous(continues), CS=collection set, F=free, A=archive, TAMS=top-at-mark-start (previous, next)
|   0|0x0000000701400000, 0x0000000701500000, 0x0000000701500000|100%|HS|  |TAMS 0x0000000701500000, 0x0000000701400000| Complete 
|   1|0x0000000701500000, 0x0000000701600000, 0x0000000701600000|100%| O|  |TAMS 0x0000000701600000, 0x0000000701500000| Untracked 
|   2|0x0000000701600000, 0x0000000701700000, 0x0000000701700000|100%| O|  |TAMS 0x0000000701700000, 0x0000000701600000| Untracked 
|   3|0x0000000701700000, 0x0000000701800000, 0x0000000701800000|100%| O|  |TAMS 0x0000000701800000, 0x0000000701700000| Untracked 
|   4|0x0000000701800000, 0x0000000701900000, 0x0000000701900000|100%| O|  |TAMS 0x0000000701900000, 0x0000000701800000| Untracked 
|   5|0x0000000701900000, 0x0000000701a00000, 0x0000000701a00000|100%| O|  |TAMS 0x0000000701a00000, 0x0000000701900000| Untracked 
|   6|0x0000000701a00000, 0x0000000701a47800, 0x0000000701b00000| 27%| O|  |TAMS 0x0000000701a47800, 0x0000000701a00000| Untracked 
|   7|0x0000000701b00000, 0x0000000701c00000, 0x0000000701c00000|100%|HS|  |TAMS 0x0000000701b00000, 0x0000000701b00000| Complete 
|   8|0x0000000701c00000, 0x0000000701c00000, 0x0000000701d00000|  0%| F|  |TAMS 0x0000000701c00000, 0x0000000701c00000| Untracked 
|   9|0x0000000701d00000, 0x0000000701d00000, 0x0000000701e00000|  0%| F|  |TAMS 0x0000000701d00000, 0x0000000701d00000| Untracked 
|  10|0x0000000701e00000, 0x0000000701e00000, 0x0000000701f00000|  0%| F|  |TAMS 0x0000000701e00000, 0x0000000701e00000| Untracked 
|  11|0x0000000701f00000, 0x0000000701f00000, 0x0000000702000000|  0%| F|  |TAMS 0x0000000701f00000, 0x0000000701f00000| Untracked 
|  12|0x0000000702000000, 0x0000000702000000, 0x0000000702100000|  0%| F|  |TAMS 0x0000000702000000, 0x0000000702000000| Untracked 
|  13|0x0000000702100000, 0x0000000702100000, 0x0000000702200000|  0%| F|  |TAMS 0x0000000702100000, 0x0000000702100000| Untracked 
|  14|0x0000000702200000, 0x0000000702200000, 0x0000000702300000|  0%| F|  |TAMS 0x0000000702200000, 0x0000000702200000| Untracked 
|  15|0x0000000702300000, 0x0000000702300000, 0x0000000702400000|  0%| F|  |TAMS 0x0000000702300000, 0x0000000702300000| Untracked 
|  16|0x0000000702400000, 0x0000000702400000, 0x0000000702500000|  0%| F|  |TAMS 0x0000000702400000, 0x0000000702400000| Untracked 
|  17|0x0000000702500000, 0x0000000702500000, 0x0000000702600000|  0%| F|  |TAMS 0x0000000702500000, 0x0000000702500000| Untracked 
|  18|0x0000000702600000, 0x0000000702600000, 0x0000000702700000|  0%| F|  |TAMS 0x0000000702600000, 0x0000000702600000| Untracked 
|  19|0x0000000702700000, 0x0000000702700000, 0x0000000702800000|  0%| F|  |TAMS 0x0000000702700000, 0x0000000702700000| Untracked 
|  20|0x0000000702800000, 0x0000000702800000, 0x0000000702900000|  0%| F|  |TAMS 0x0000000702800000, 0x0000000702800000| Untracked 
|  21|0x0000000702900000, 0x0000000702900000, 0x0000000702a00000|  0%| F|  |TAMS 0x0000000702900000, 0x0000000702900000| Untracked 
|  22|0x0000000702a00000, 0x0000000702a00000, 0x0000000702b00000|  0%| F|  |TAMS 0x0000000702a00000, 0x0000000702a00000| Untracked 
|  23|0x0000000702b00000, 0x0000000702b00000, 0x0000000702c00000|  0%| F|  |TAMS 0x0000000702b00000, 0x0000000702b00000| Untracked 
|  24|0x0000000702c00000, 0x0000000702c00000, 0x0000000702d00000|  0%| F|  |TAMS 0x0000000702c00000, 0x0000000702c00000| Untracked 
|  25|0x0000000702d00000, 0x0000000702d00000, 0x0000000702e00000|  0%| F|  |TAMS 0x0000000702d00000, 0x0000000702d00000| Untracked 
|  26|0x0000000702e00000, 0x0000000702e00000, 0x0000000702f00000|  0%| F|  |TAMS 0x0000000702e00000, 0x0000000702e00000| Untracked 
|  27|0x0000000702f00000, 0x0000000702f00000, 0x0000000703000000|  0%| F|  |TAMS 0x0000000702f00000, 0x0000000702f00000| Untracked 
|  28|0x0000000703000000, 0x0000000703000000, 0x0000000703100000|  0%| F|  |TAMS 0x0000000703000000, 0x0000000703000000| Untracked 
|  29|0x0000000703100000, 0x0000000703100000, 0x0000000703200000|  0%| F|  |TAMS 0x0000000703100000, 0x0000000703100000| Untracked 
|  30|0x0000000703200000, 0x0000000703200000, 0x0000000703300000|  0%| F|  |TAMS 0x0000000703200000, 0x0000000703200000| Untracked 
|  31|0x0000000703300000, 0x0000000703300000, 0x0000000703400000|  0%| F|  |TAMS 0x0000000703300000, 0x0000000703300000| Untracked 
|  32|0x0000000703400000, 0x0000000703400000, 0x0000000703500000|  0%| F|  |TAMS 0x0000000703400000, 0x0000000703400000| Untracked 
|  33|0x0000000703500000, 0x0000000703500000, 0x0000000703600000|  0%| F|  |TAMS 0x0000000703500000, 0x0000000703500000| Untracked 
|  34|0x0000000703600000, 0x0000000703600000, 0x0000000703700000|  0%| F|  |TAMS 0x0000000703600000, 0x0000000703600000| Untracked 
|  35|0x0000000703700000, 0x0000000703700000, 0x0000000703800000|  0%| F|  |TAMS 0x0000000703700000, 0x0000000703700000| Untracked 
|  36|0x0000000703800000, 0x0000000703800000, 0x0000000703900000|  0%| F|  |TAMS 0x0000000703800000, 0x0000000703800000| Untracked 
|  37|0x0000000703900000, 0x0000000703900000, 0x0000000703a00000|  0%| F|  |TAMS 0x0000000703900000, 0x0000000703900000| Untracked 
|  38|0x0000000703a00000, 0x0000000703a00000, 0x0000000703b00000|  0%| F|  |TAMS 0x0000000703a00000, 0x0000000703a00000| Untracked 
|  39|0x0000000703b00000, 0x0000000703b00000, 0x0000000703c00000|  0%| F|  |TAMS 0x0000000703b00000, 0x0000000703b00000| Untracked 
|  40|0x0000000703c00000, 0x0000000703c00000, 0x0000000703d00000|  0%| F|  |TAMS 0x0000000703c00000, 0x0000000703c00000| Untracked 
|  41|0x0000000703d00000, 0x0000000703d00000, 0x0000000703e00000|  0%| F|  |TAMS 0x0000000703d00000, 0x0000000703d00000| Untracked 
|  42|0x0000000703e00000, 0x0000000703e00000, 0x0000000703f00000|  0%| F|  |TAMS 0x0000000703e00000, 0x0000000703e00000| Untracked 
|  43|0x0000000703f00000, 0x0000000703f00000, 0x0000000704000000|  0%| F|  |TAMS 0x0000000703f00000, 0x0000000703f00000| Untracked 
|  44|0x0000000704000000, 0x0000000704000000, 0x0000000704100000|  0%| F|  |TAMS 0x0000000704000000, 0x0000000704000000| Untracked 
|  45|0x0000000704100000, 0x0000000704100000, 0x0000000704200000|  0%| F|  |TAMS 0x0000000704100000, 0x0000000704100000| Untracked 
|  46|0x0000000704200000, 0x0000000704200000, 0x0000000704300000|  0%| F|  |TAMS 0x0000000704200000, 0x0000000704200000| Untracked 
|  47|0x0000000704300000, 0x0000000704300000, 0x0000000704400000|  0%| F|  |TAMS 0x0000000704300000, 0x0000000704300000| Untracked 
|  48|0x0000000704400000, 0x0000000704400000, 0x0000000704500000|  0%| F|  |TAMS 0x0000000704400000, 0x0000000704400000| Untracked 
|  49|0x0000000704500000, 0x0000000704500000, 0x0000000704600000|  0%| F|  |TAMS 0x0000000704500000, 0x0000000704500000| Untracked 
|  50|0x0000000704600000, 0x0000000704600000, 0x0000000704700000|  0%| F|  |TAMS 0x0000000704600000, 0x0000000704600000| Untracked 
|  51|0x0000000704700000, 0x0000000704700000, 0x0000000704800000|  0%| F|  |TAMS 0x0000000704700000, 0x0000000704700000| Untracked 
|  52|0x0000000704800000, 0x0000000704800000, 0x0000000704900000|  0%| F|  |TAMS 0x0000000704800000, 0x0000000704800000| Untracked 
|  53|0x0000000704900000, 0x0000000704900000, 0x0000000704a00000|  0%| F|  |TAMS 0x0000000704900000, 0x0000000704900000| Untracked 
|  54|0x0000000704a00000, 0x0000000704a00000, 0x0000000704b00000|  0%| F|  |TAMS 0x0000000704a00000, 0x0000000704a00000| Untracked 
|  55|0x0000000704b00000, 0x0000000704b00000, 0x0000000704c00000|  0%| F|  |TAMS 0x0000000704b00000, 0x0000000704b00000| Untracked 
|  56|0x0000000704c00000, 0x0000000704c00000, 0x0000000704d00000|  0%| F|  |TAMS 0x0000000704c00000, 0x0000000704c00000| Untracked 
|  57|0x0000000704d00000, 0x0000000704d00000, 0x0000000704e00000|  0%| F|  |TAMS 0x0000000704d00000, 0x0000000704d00000| Untracked 
|  58|0x0000000704e00000, 0x0000000704e00000, 0x0000000704f00000|  0%| F|  |TAMS 0x0000000704e00000, 0x0000000704e00000| Untracked 
|  59|0x0000000704f00000, 0x0000000704f00000, 0x0000000705000000|  0%| F|  |TAMS 0x0000000704f00000, 0x0000000704f00000| Untracked 
|  60|0x0000000705000000, 0x0000000705000000, 0x0000000705100000|  0%| F|  |TAMS 0x0000000705000000, 0x0000000705000000| Untracked 
|  61|0x0000000705100000, 0x0000000705100000, 0x0000000705200000|  0%| F|  |TAMS 0x0000000705100000, 0x0000000705100000| Untracked 
|  62|0x0000000705200000, 0x0000000705200000, 0x0000000705300000|  0%| F|  |TAMS 0x0000000705200000, 0x0000000705200000| Untracked 
|  63|0x0000000705300000, 0x0000000705300000, 0x0000000705400000|  0%| F|  |TAMS 0x0000000705300000, 0x0000000705300000| Untracked 
|  64|0x0000000705400000, 0x0000000705400000, 0x0000000705500000|  0%| F|  |TAMS 0x0000000705400000, 0x0000000705400000| Untracked 
|  65|0x0000000705500000, 0x0000000705500000, 0x0000000705600000|  0%| F|  |TAMS 0x0000000705500000, 0x0000000705500000| Untracked 
|  66|0x0000000705600000, 0x0000000705600000, 0x0000000705700000|  0%| F|  |TAMS 0x0000000705600000, 0x0000000705600000| Untracked 
|  67|0x0000000705700000, 0x0000000705700000, 0x0000000705800000|  0%| F|  |TAMS 0x0000000705700000, 0x0000000705700000| Untracked 
|  68|0x0000000705800000, 0x0000000705800000, 0x0000000705900000|  0%| F|  |TAMS 0x0000000705800000, 0x0000000705800000| Untracked 
|  69|0x0000000705900000, 0x0000000705900000, 0x0000000705a00000|  0%| F|  |TAMS 0x0000000705900000, 0x0000000705900000| Untracked 
|  70|0x0000000705a00000, 0x0000000705a00000, 0x0000000705b00000|  0%| F|  |TAMS 0x0000000705a00000, 0x0000000705a00000| Untracked 
|  71|0x0000000705b00000, 0x0000000705b00000, 0x0000000705c00000|  0%| F|  |TAMS 0x0000000705b00000, 0x0000000705b00000| Untracked 
|  72|0x0000000705c00000, 0x0000000705c00000, 0x0000000705d00000|  0%| F|  |TAMS 0x0000000705c00000, 0x0000000705c00000| Untracked 
|  73|0x0000000705d00000, 0x0000000705d00000, 0x0000000705e00000|  0%| F|  |TAMS 0x0000000705d00000, 0x0000000705d00000| Untracked 
|  74|0x0000000705e00000, 0x0000000705e00000, 0x0000000705f00000|  0%| F|  |TAMS 0x0000000705e00000, 0x0000000705e00000| Untracked 
|  75|0x0000000705f00000, 0x0000000705f00000, 0x0000000706000000|  0%| F|  |TAMS 0x0000000705f00000, 0x0000000705f00000| Untracked 
|  76|0x0000000706000000, 0x0000000706000000, 0x0000000706100000|  0%| F|  |TAMS 0x0000000706000000, 0x0000000706000000| Untracked 
|  77|0x0000000706100000, 0x0000000706100000, 0x0000000706200000|  0%| F|  |TAMS 0x0000000706100000, 0x0000000706100000| Untracked 
|  78|0x0000000706200000, 0x0000000706200000, 0x0000000706300000|  0%| F|  |TAMS 0x0000000706200000, 0x0000000706200000| Untracked 
|  79|0x0000000706300000, 0x0000000706300000, 0x0000000706400000|  0%| F|  |TAMS 0x0000000706300000, 0x0000000706300000| Untracked 
|  80|0x0000000706400000, 0x0000000706400000, 0x0000000706500000|  0%| F|  |TAMS 0x0000000706400000, 0x0000000706400000| Untracked 
|  81|0x0000000706500000, 0x0000000706500000, 0x0000000706600000|  0%| F|  |TAMS 0x0000000706500000, 0x0000000706500000| Untracked 
|  82|0x0000000706600000, 0x0000000706600000, 0x0000000706700000|  0%| F|  |TAMS 0x0000000706600000, 0x0000000706600000| Untracked 
|  83|0x0000000706700000, 0x0000000706700000, 0x0000000706800000|  0%| F|  |TAMS 0x0000000706700000, 0x0000000706700000| Untracked 
|  84|0x0000000706800000, 0x0000000706800000, 0x0000000706900000|  0%| F|  |TAMS 0x0000000706800000, 0x0000000706800000| Untracked 
|  85|0x0000000706900000, 0x0000000706900000, 0x0000000706a00000|  0%| F|  |TAMS 0x0000000706900000, 0x0000000706900000| Untracked 
|  86|0x0000000706a00000, 0x0000000706a00000, 0x0000000706b00000|  0%| F|  |TAMS 0x0000000706a00000, 0x0000000706a00000| Untracked 
|  87|0x0000000706b00000, 0x0000000706b00000, 0x0000000706c00000|  0%| F|  |TAMS 0x0000000706b00000, 0x0000000706b00000| Untracked 
|  88|0x0000000706c00000, 0x0000000706c00000, 0x0000000706d00000|  0%| F|  |TAMS 0x0000000706c00000, 0x0000000706c00000| Untracked 
|  89|0x0000000706d00000, 0x0000000706d00000, 0x0000000706e00000|  0%| F|  |TAMS 0x0000000706d00000, 0x0000000706d00000| Untracked 
|  90|0x0000000706e00000, 0x0000000706e00000, 0x0000000706f00000|  0%| F|  |TAMS 0x0000000706e00000, 0x0000000706e00000| Untracked 
|  91|0x0000000706f00000, 0x0000000706f00000, 0x0000000707000000|  0%| F|  |TAMS 0x0000000706f00000, 0x0000000706f00000| Untracked 
|  92|0x0000000707000000, 0x0000000707000000, 0x0000000707100000|  0%| F|  |TAMS 0x0000000707000000, 0x0000000707000000| Untracked 
|  93|0x0000000707100000, 0x0000000707100000, 0x0000000707200000|  0%| F|  |TAMS 0x0000000707100000, 0x0000000707100000| Untracked 
|  94|0x0000000707200000, 0x0000000707200000, 0x0000000707300000|  0%| F|  |TAMS 0x0000000707200000, 0x0000000707200000| Untracked 
|  95|0x0000000707300000, 0x0000000707300000, 0x0000000707400000|  0%| F|  |TAMS 0x0000000707300000, 0x0000000707300000| Untracked 
|  96|0x0000000707400000, 0x0000000707400000, 0x0000000707500000|  0%| F|  |TAMS 0x0000000707400000, 0x0000000707400000| Untracked 
|  97|0x0000000707500000, 0x0000000707500000, 0x0000000707600000|  0%| F|  |TAMS 0x0000000707500000, 0x0000000707500000| Untracked 
|  98|0x0000000707600000, 0x0000000707600000, 0x0000000707700000|  0%| F|  |TAMS 0x0000000707600000, 0x0000000707600000| Untracked 
|  99|0x0000000707700000, 0x0000000707700000, 0x0000000707800000|  0%| F|  |TAMS 0x0000000707700000, 0x0000000707700000| Untracked 
| 100|0x0000000707800000, 0x0000000707800000, 0x0000000707900000|  0%| F|  |TAMS 0x0000000707800000, 0x0000000707800000| Untracked 
| 101|0x0000000707900000, 0x0000000707900000, 0x0000000707a00000|  0%| F|  |TAMS 0x0000000707900000, 0x0000000707900000| Untracked 
| 102|0x0000000707a00000, 0x0000000707a00000, 0x0000000707b00000|  0%| F|  |TAMS 0x0000000707a00000, 0x0000000707a00000| Untracked 
| 103|0x0000000707b00000, 0x0000000707b00000, 0x0000000707c00000|  0%| F|  |TAMS 0x0000000707b00000, 0x0000000707b00000| Untracked 
| 104|0x0000000707c00000, 0x0000000707c00000, 0x0000000707d00000|  0%| F|  |TAMS 0x0000000707c00000, 0x0000000707c00000| Untracked 
| 105|0x0000000707d00000, 0x0000000707d00000, 0x0000000707e00000|  0%| F|  |TAMS 0x0000000707d00000, 0x0000000707d00000| Untracked 
| 106|0x0000000707e00000, 0x0000000707e00000, 0x0000000707f00000|  0%| F|  |TAMS 0x0000000707e00000, 0x0000000707e00000| Untracked 
| 107|0x0000000707f00000, 0x0000000707f00000, 0x0000000708000000|  0%| F|  |TAMS 0x0000000707f00000, 0x0000000707f00000| Untracked 
| 108|0x0000000708000000, 0x0000000708000000, 0x0000000708100000|  0%| F|  |TAMS 0x0000000708000000, 0x0000000708000000| Untracked 
| 109|0x0000000708100000, 0x0000000708100000, 0x0000000708200000|  0%| F|  |TAMS 0x0000000708100000, 0x0000000708100000| Untracked 
| 110|0x0000000708200000, 0x0000000708200000, 0x0000000708300000|  0%| F|  |TAMS 0x0000000708200000, 0x0000000708200000| Untracked 
| 111|0x0000000708300000, 0x0000000708300000, 0x0000000708400000|  0%| F|  |TAMS 0x0000000708300000, 0x0000000708300000| Untracked 
| 112|0x0000000708400000, 0x0000000708400000, 0x0000000708500000|  0%| F|  |TAMS 0x0000000708400000, 0x0000000708400000| Untracked 
| 113|0x0000000708500000, 0x000000070859ca80, 0x0000000708600000| 61%| S|CS|TAMS 0x0000000708500000, 0x0000000708500000| Complete 
| 114|0x0000000708600000, 0x0000000708700000, 0x0000000708700000|100%| S|CS|TAMS 0x0000000708600000, 0x0000000708600000| Complete 
| 115|0x0000000708700000, 0x0000000708800000, 0x0000000708800000|100%| S|CS|TAMS 0x0000000708700000, 0x0000000708700000| Complete 
| 116|0x0000000708800000, 0x0000000708900000, 0x0000000708900000|100%| S|CS|TAMS 0x0000000708800000, 0x0000000708800000| Complete 
| 117|0x0000000708900000, 0x0000000708a00000, 0x0000000708a00000|100%| S|CS|TAMS 0x0000000708900000, 0x0000000708900000| Complete 
| 118|0x0000000708a00000, 0x0000000708b00000, 0x0000000708b00000|100%| S|CS|TAMS 0x0000000708a00000, 0x0000000708a00000| Complete 
| 119|0x0000000708b00000, 0x0000000708c00000, 0x0000000708c00000|100%| S|CS|TAMS 0x0000000708b00000, 0x0000000708b00000| Complete 
| 120|0x0000000708c00000, 0x0000000708d00000, 0x0000000708d00000|100%| S|CS|TAMS 0x0000000708c00000, 0x0000000708c00000| Complete 
| 121|0x0000000708d00000, 0x0000000708e00000, 0x0000000708e00000|100%| S|CS|TAMS 0x0000000708d00000, 0x0000000708d00000| Complete 
| 122|0x0000000708e00000, 0x0000000708f00000, 0x0000000708f00000|100%| S|CS|TAMS 0x0000000708e00000, 0x0000000708e00000| Complete 
| 123|0x0000000708f00000, 0x0000000709000000, 0x0000000709000000|100%| S|CS|TAMS 0x0000000708f00000, 0x0000000708f00000| Complete 
| 124|0x0000000709000000, 0x0000000709100000, 0x0000000709100000|100%| S|CS|TAMS 0x0000000709000000, 0x0000000709000000| Complete 
| 125|0x0000000709100000, 0x0000000709200000, 0x0000000709200000|100%| S|CS|TAMS 0x0000000709100000, 0x0000000709100000| Complete 
| 126|0x0000000709200000, 0x0000000709300000, 0x0000000709300000|100%| S|CS|TAMS 0x0000000709200000, 0x0000000709200000| Complete 
| 127|0x0000000709300000, 0x0000000709300000, 0x0000000709400000|  0%| F|  |TAMS 0x0000000709300000, 0x0000000709300000| Untracked 
| 128|0x0000000709400000, 0x0000000709400000, 0x0000000709500000|  0%| F|  |TAMS 0x0000000709400000, 0x0000000709400000| Untracked 
| 129|0x0000000709500000, 0x0000000709500000, 0x0000000709600000|  0%| F|  |TAMS 0x0000000709500000, 0x0000000709500000| Untracked 
| 130|0x0000000709600000, 0x0000000709600000, 0x0000000709700000|  0%| F|  |TAMS 0x0000000709600000, 0x0000000709600000| Untracked 
| 131|0x0000000709700000, 0x0000000709700000, 0x0000000709800000|  0%| F|  |TAMS 0x0000000709700000, 0x0000000709700000| Untracked 
| 132|0x0000000709800000, 0x0000000709800000, 0x0000000709900000|  0%| F|  |TAMS 0x0000000709800000, 0x0000000709800000| Untracked 
| 133|0x0000000709900000, 0x0000000709900000, 0x0000000709a00000|  0%| F|  |TAMS 0x0000000709900000, 0x0000000709900000| Untracked 
| 134|0x0000000709a00000, 0x0000000709a00000, 0x0000000709b00000|  0%| F|  |TAMS 0x0000000709a00000, 0x0000000709a00000| Untracked 
| 135|0x0000000709b00000, 0x0000000709b00000, 0x0000000709c00000|  0%| F|  |TAMS 0x0000000709b00000, 0x0000000709b00000| Untracked 
| 136|0x0000000709c00000, 0x0000000709c00000, 0x0000000709d00000|  0%| F|  |TAMS 0x0000000709c00000, 0x0000000709c00000| Untracked 
| 137|0x0000000709d00000, 0x0000000709d00000, 0x0000000709e00000|  0%| F|  |TAMS 0x0000000709d00000, 0x0000000709d00000| Untracked 
| 138|0x0000000709e00000, 0x0000000709e00000, 0x0000000709f00000|  0%| F|  |TAMS 0x0000000709e00000, 0x0000000709e00000| Untracked 
| 139|0x0000000709f00000, 0x0000000709f00000, 0x000000070a000000|  0%| F|  |TAMS 0x0000000709f00000, 0x0000000709f00000| Untracked 
| 140|0x000000070a000000, 0x000000070a000000, 0x000000070a100000|  0%| F|  |TAMS 0x000000070a000000, 0x000000070a000000| Untracked 
| 141|0x000000070a100000, 0x000000070a100000, 0x000000070a200000|  0%| F|  |TAMS 0x000000070a100000, 0x000000070a100000| Untracked 
| 142|0x000000070a200000, 0x000000070a200000, 0x000000070a300000|  0%| F|  |TAMS 0x000000070a200000, 0x000000070a200000| Untracked 
| 143|0x000000070a300000, 0x000000070a300000, 0x000000070a400000|  0%| F|  |TAMS 0x000000070a300000, 0x000000070a300000| Untracked 
| 144|0x000000070a400000, 0x000000070a400000, 0x000000070a500000|  0%| F|  |TAMS 0x000000070a400000, 0x000000070a400000| Untracked 
| 145|0x000000070a500000, 0x000000070a500000, 0x000000070a600000|  0%| F|  |TAMS 0x000000070a500000, 0x000000070a500000| Untracked 
| 146|0x000000070a600000, 0x000000070a6a66d8, 0x000000070a700000| 65%| E|  |TAMS 0x000000070a600000, 0x000000070a600000| Complete 
| 147|0x000000070a700000, 0x000000070a800000, 0x000000070a800000|100%| E|CS|TAMS 0x000000070a700000, 0x000000070a700000| Complete 
| 148|0x000000070a800000, 0x000000070a900000, 0x000000070a900000|100%| E|CS|TAMS 0x000000070a800000, 0x000000070a800000| Complete 
| 149|0x000000070a900000, 0x000000070aa00000, 0x000000070aa00000|100%| E|CS|TAMS 0x000000070a900000, 0x000000070a900000| Complete 
| 150|0x000000070aa00000, 0x000000070ab00000, 0x000000070ab00000|100%| E|CS|TAMS 0x000000070aa00000, 0x000000070aa00000| Complete 
| 151|0x000000070ab00000, 0x000000070ac00000, 0x000000070ac00000|100%| E|CS|TAMS 0x000000070ab00000, 0x000000070ab00000| Complete 
| 152|0x000000070ac00000, 0x000000070ad00000, 0x000000070ad00000|100%| E|CS|TAMS 0x000000070ac00000, 0x000000070ac00000| Complete 
| 153|0x000000070ad00000, 0x000000070ae00000, 0x000000070ae00000|100%| E|CS|TAMS 0x000000070ad00000, 0x000000070ad00000| Complete 
| 154|0x000000070ae00000, 0x000000070af00000, 0x000000070af00000|100%| E|CS|TAMS 0x000000070ae00000, 0x000000070ae00000| Complete 
| 155|0x000000070af00000, 0x000000070b000000, 0x000000070b000000|100%| E|CS|TAMS 0x000000070af00000, 0x000000070af00000| Complete 
| 156|0x000000070b000000, 0x000000070b100000, 0x000000070b100000|100%| E|CS|TAMS 0x000000070b000000, 0x000000070b000000| Complete 
| 157|0x000000070b100000, 0x000000070b200000, 0x000000070b200000|100%| E|CS|TAMS 0x000000070b100000, 0x000000070b100000| Complete 
| 158|0x000000070b200000, 0x000000070b300000, 0x000000070b300000|100%| E|CS|TAMS 0x000000070b200000, 0x000000070b200000| Complete 
| 159|0x000000070b300000, 0x000000070b400000, 0x000000070b400000|100%| E|CS|TAMS 0x000000070b300000, 0x000000070b300000| Complete 
| 160|0x000000070b400000, 0x000000070b500000, 0x000000070b500000|100%| E|CS|TAMS 0x000000070b400000, 0x000000070b400000| Complete 
| 161|0x000000070b500000, 0x000000070b600000, 0x000000070b600000|100%| E|CS|TAMS 0x000000070b500000, 0x000000070b500000| Complete 
| 162|0x000000070b600000, 0x000000070b700000, 0x000000070b700000|100%| E|CS|TAMS 0x000000070b600000, 0x000000070b600000| Complete 
| 163|0x000000070b700000, 0x000000070b800000, 0x000000070b800000|100%| E|CS|TAMS 0x000000070b700000, 0x000000070b700000| Complete 
| 164|0x000000070b800000, 0x000000070b900000, 0x000000070b900000|100%| E|CS|TAMS 0x000000070b800000, 0x000000070b800000| Complete 
| 165|0x000000070b900000, 0x000000070ba00000, 0x000000070ba00000|100%| E|CS|TAMS 0x000000070b900000, 0x000000070b900000| Complete 
| 166|0x000000070ba00000, 0x000000070bb00000, 0x000000070bb00000|100%| E|CS|TAMS 0x000000070ba00000, 0x000000070ba00000| Complete 
| 167|0x000000070bb00000, 0x000000070bc00000, 0x000000070bc00000|100%| E|CS|TAMS 0x000000070bb00000, 0x000000070bb00000| Complete 
| 168|0x000000070bc00000, 0x000000070bd00000, 0x000000070bd00000|100%| E|CS|TAMS 0x000000070bc00000, 0x000000070bc00000| Complete 
| 169|0x000000070bd00000, 0x000000070be00000, 0x000000070be00000|100%| E|CS|TAMS 0x000000070bd00000, 0x000000070bd00000| Complete 
| 170|0x000000070be00000, 0x000000070bf00000, 0x000000070bf00000|100%| E|CS|TAMS 0x000000070be00000, 0x000000070be00000| Complete 
| 171|0x000000070bf00000, 0x000000070c000000, 0x000000070c000000|100%| E|CS|TAMS 0x000000070bf00000, 0x000000070bf00000| Complete 
| 172|0x000000070c000000, 0x000000070c100000, 0x000000070c100000|100%| E|CS|TAMS 0x000000070c000000, 0x000000070c000000| Complete 
| 173|0x000000070c100000, 0x000000070c200000, 0x000000070c200000|100%| E|CS|TAMS 0x000000070c100000, 0x000000070c100000| Complete 
| 174|0x000000070c200000, 0x000000070c300000, 0x000000070c300000|100%| E|CS|TAMS 0x000000070c200000, 0x000000070c200000| Complete 
| 175|0x000000070c300000, 0x000000070c400000, 0x000000070c400000|100%| E|CS|TAMS 0x000000070c300000, 0x000000070c300000| Complete 
| 176|0x000000070c400000, 0x000000070c500000, 0x000000070c500000|100%| E|CS|TAMS 0x000000070c400000, 0x000000070c400000| Complete 
| 177|0x000000070c500000, 0x000000070c600000, 0x000000070c600000|100%| E|CS|TAMS 0x000000070c500000, 0x000000070c500000| Complete 
| 178|0x000000070c600000, 0x000000070c700000, 0x000000070c700000|100%| E|CS|TAMS 0x000000070c600000, 0x000000070c600000| Complete 
| 179|0x000000070c700000, 0x000000070c800000, 0x000000070c800000|100%| E|CS|TAMS 0x000000070c700000, 0x000000070c700000| Complete 
| 180|0x000000070c800000, 0x000000070c900000, 0x000000070c900000|100%| E|CS|TAMS 0x000000070c800000, 0x000000070c800000| Complete 
| 181|0x000000070c900000, 0x000000070ca00000, 0x000000070ca00000|100%| E|CS|TAMS 0x000000070c900000, 0x000000070c900000| Complete 
| 182|0x000000070ca00000, 0x000000070cb00000, 0x000000070cb00000|100%| E|CS|TAMS 0x000000070ca00000, 0x000000070ca00000| Complete 
| 183|0x000000070cb00000, 0x000000070cc00000, 0x000000070cc00000|100%| E|CS|TAMS 0x000000070cb00000, 0x000000070cb00000| Complete 
| 184|0x000000070cc00000, 0x000000070cd00000, 0x000000070cd00000|100%| E|CS|TAMS 0x000000070cc00000, 0x000000070cc00000| Complete 
| 185|0x000000070cd00000, 0x000000070ce00000, 0x000000070ce00000|100%| E|CS|TAMS 0x000000070cd00000, 0x000000070cd00000| Complete 
| 186|0x000000070ce00000, 0x000000070cf00000, 0x000000070cf00000|100%| E|CS|TAMS 0x000000070ce00000, 0x000000070ce00000| Complete 
| 187|0x000000070cf00000, 0x000000070d000000, 0x000000070d000000|100%| E|CS|TAMS 0x000000070cf00000, 0x000000070cf00000| Complete 
| 188|0x000000070d000000, 0x000000070d100000, 0x000000070d100000|100%| E|CS|TAMS 0x000000070d000000, 0x000000070d000000| Complete 
| 189|0x000000070d100000, 0x000000070d200000, 0x000000070d200000|100%| E|CS|TAMS 0x000000070d100000, 0x000000070d100000| Complete 
| 190|0x000000070d200000, 0x000000070d300000, 0x000000070d300000|100%| E|CS|TAMS 0x000000070d200000, 0x000000070d200000| Complete 
| 191|0x000000070d300000, 0x000000070d400000, 0x000000070d400000|100%| E|CS|TAMS 0x000000070d300000, 0x000000070d300000| Complete 
| 192|0x000000070d400000, 0x000000070d500000, 0x000000070d500000|100%| E|CS|TAMS 0x000000070d400000, 0x000000070d400000| Complete 
| 193|0x000000070d500000, 0x000000070d600000, 0x000000070d600000|100%| E|CS|TAMS 0x000000070d500000, 0x000000070d500000| Complete 
| 194|0x000000070d600000, 0x000000070d700000, 0x000000070d700000|100%| E|CS|TAMS 0x000000070d600000, 0x000000070d600000| Complete 
| 195|0x000000070d700000, 0x000000070d800000, 0x000000070d800000|100%| E|CS|TAMS 0x000000070d700000, 0x000000070d700000| Complete 
| 196|0x000000070d800000, 0x000000070d900000, 0x000000070d900000|100%| E|CS|TAMS 0x000000070d800000, 0x000000070d800000| Complete 
| 197|0x000000070d900000, 0x000000070da00000, 0x000000070da00000|100%| E|CS|TAMS 0x000000070d900000, 0x000000070d900000| Complete 
| 198|0x000000070da00000, 0x000000070db00000, 0x000000070db00000|100%| E|CS|TAMS 0x000000070da00000, 0x000000070da00000| Complete 
| 199|0x000000070db00000, 0x000000070dc00000, 0x000000070dc00000|100%| E|CS|TAMS 0x000000070db00000, 0x000000070db00000| Complete 
| 200|0x000000070dc00000, 0x000000070dd00000, 0x000000070dd00000|100%| E|CS|TAMS 0x000000070dc00000, 0x000000070dc00000| Complete 
| 201|0x000000070dd00000, 0x000000070de00000, 0x000000070de00000|100%| E|  |TAMS 0x000000070dd00000, 0x000000070dd00000| Complete 
| 202|0x000000070de00000, 0x000000070df00000, 0x000000070df00000|100%| E|CS|TAMS 0x000000070de00000, 0x000000070de00000| Complete 
| 203|0x000000070df00000, 0x000000070e000000, 0x000000070e000000|100%| E|CS|TAMS 0x000000070df00000, 0x000000070df00000| Complete 
| 204|0x000000070e000000, 0x000000070e100000, 0x000000070e100000|100%| E|CS|TAMS 0x000000070e000000, 0x000000070e000000| Complete 
| 205|0x000000070e100000, 0x000000070e200000, 0x000000070e200000|100%| E|CS|TAMS 0x000000070e100000, 0x000000070e100000| Complete 
| 206|0x000000070e200000, 0x000000070e300000, 0x000000070e300000|100%| E|CS|TAMS 0x000000070e200000, 0x000000070e200000| Complete 
| 207|0x000000070e300000, 0x000000070e400000, 0x000000070e400000|100%| E|CS|TAMS 0x000000070e300000, 0x000000070e300000| Complete 
| 208|0x000000070e400000, 0x000000070e500000, 0x000000070e500000|100%| E|CS|TAMS 0x000000070e400000, 0x000000070e400000| Complete 
| 209|0x000000070e500000, 0x000000070e600000, 0x000000070e600000|100%| E|CS|TAMS 0x000000070e500000, 0x000000070e500000| Complete 
| 210|0x000000070e600000, 0x000000070e700000, 0x000000070e700000|100%| E|CS|TAMS 0x000000070e600000, 0x000000070e600000| Complete 
| 211|0x000000070e700000, 0x000000070e800000, 0x000000070e800000|100%| E|CS|TAMS 0x000000070e700000, 0x000000070e700000| Complete 
| 212|0x000000070e800000, 0x000000070e900000, 0x000000070e900000|100%| E|CS|TAMS 0x000000070e800000, 0x000000070e800000| Complete 
| 213|0x000000070e900000, 0x000000070ea00000, 0x000000070ea00000|100%| E|CS|TAMS 0x000000070e900000, 0x000000070e900000| Complete 
| 214|0x000000070ea00000, 0x000000070eb00000, 0x000000070eb00000|100%| E|CS|TAMS 0x000000070ea00000, 0x000000070ea00000| Complete 
| 215|0x000000070eb00000, 0x000000070ec00000, 0x000000070ec00000|100%| E|CS|TAMS 0x000000070eb00000, 0x000000070eb00000| Complete 
| 216|0x000000070ec00000, 0x000000070ed00000, 0x000000070ed00000|100%| E|CS|TAMS 0x000000070ec00000, 0x000000070ec00000| Complete 
| 217|0x000000070ed00000, 0x000000070ee00000, 0x000000070ee00000|100%| E|CS|TAMS 0x000000070ed00000, 0x000000070ed00000| Complete 
| 218|0x000000070ee00000, 0x000000070ef00000, 0x000000070ef00000|100%| E|CS|TAMS 0x000000070ee00000, 0x000000070ee00000| Complete 
| 219|0x000000070ef00000, 0x000000070f000000, 0x000000070f000000|100%| E|CS|TAMS 0x000000070ef00000, 0x000000070ef00000| Complete 
| 220|0x000000070f000000, 0x000000070f100000, 0x000000070f100000|100%| E|CS|TAMS 0x000000070f000000, 0x000000070f000000| Complete 
| 221|0x000000070f100000, 0x000000070f200000, 0x000000070f200000|100%| E|CS|TAMS 0x000000070f100000, 0x000000070f100000| Complete 
| 222|0x000000070f200000, 0x000000070f300000, 0x000000070f300000|100%| E|CS|TAMS 0x000000070f200000, 0x000000070f200000| Complete 
| 223|0x000000070f300000, 0x000000070f400000, 0x000000070f400000|100%| E|CS|TAMS 0x000000070f300000, 0x000000070f300000| Complete 
| 224|0x000000070f400000, 0x000000070f500000, 0x000000070f500000|100%| E|CS|TAMS 0x000000070f400000, 0x000000070f400000| Complete 
| 225|0x000000070f500000, 0x000000070f600000, 0x000000070f600000|100%| E|CS|TAMS 0x000000070f500000, 0x000000070f500000| Complete 
| 226|0x000000070f600000, 0x000000070f700000, 0x000000070f700000|100%| E|CS|TAMS 0x000000070f600000, 0x000000070f600000| Complete 
| 227|0x000000070f700000, 0x000000070f800000, 0x000000070f800000|100%| E|CS|TAMS 0x000000070f700000, 0x000000070f700000| Complete 
| 228|0x000000070f800000, 0x000000070f900000, 0x000000070f900000|100%| E|CS|TAMS 0x000000070f800000, 0x000000070f800000| Complete 
| 229|0x000000070f900000, 0x000000070fa00000, 0x000000070fa00000|100%| E|CS|TAMS 0x000000070f900000, 0x000000070f900000| Complete 
| 230|0x000000070fa00000, 0x000000070fb00000, 0x000000070fb00000|100%| E|CS|TAMS 0x000000070fa00000, 0x000000070fa00000| Complete 
| 231|0x000000070fb00000, 0x000000070fc00000, 0x000000070fc00000|100%| E|CS|TAMS 0x000000070fb00000, 0x000000070fb00000| Complete 
| 232|0x000000070fc00000, 0x000000070fd00000, 0x000000070fd00000|100%| E|CS|TAMS 0x000000070fc00000, 0x000000070fc00000| Complete 
| 233|0x000000070fd00000, 0x000000070fe00000, 0x000000070fe00000|100%| E|CS|TAMS 0x000000070fd00000, 0x000000070fd00000| Complete 
| 234|0x000000070fe00000, 0x000000070ff00000, 0x000000070ff00000|100%| E|CS|TAMS 0x000000070fe00000, 0x000000070fe00000| Complete 
| 235|0x000000070ff00000, 0x0000000710000000, 0x0000000710000000|100%| E|CS|TAMS 0x000000070ff00000, 0x000000070ff00000| Complete 
| 236|0x0000000710000000, 0x0000000710100000, 0x0000000710100000|100%| E|CS|TAMS 0x0000000710000000, 0x0000000710000000| Complete 
| 237|0x0000000710100000, 0x0000000710200000, 0x0000000710200000|100%| E|CS|TAMS 0x0000000710100000, 0x0000000710100000| Complete 
| 238|0x0000000710200000, 0x0000000710300000, 0x0000000710300000|100%| E|CS|TAMS 0x0000000710200000, 0x0000000710200000| Complete 
| 239|0x0000000710300000, 0x0000000710400000, 0x0000000710400000|100%| E|CS|TAMS 0x0000000710300000, 0x0000000710300000| Complete 
| 240|0x0000000710400000, 0x0000000710500000, 0x0000000710500000|100%| E|CS|TAMS 0x0000000710400000, 0x0000000710400000| Complete 
| 241|0x0000000710500000, 0x0000000710600000, 0x0000000710600000|100%| E|CS|TAMS 0x0000000710500000, 0x0000000710500000| Complete 
| 242|0x0000000710600000, 0x0000000710700000, 0x0000000710700000|100%| E|CS|TAMS 0x0000000710600000, 0x0000000710600000| Complete 
| 243|0x0000000710700000, 0x0000000710800000, 0x0000000710800000|100%| E|CS|TAMS 0x0000000710700000, 0x0000000710700000| Complete 
| 244|0x0000000710800000, 0x0000000710900000, 0x0000000710900000|100%| E|CS|TAMS 0x0000000710800000, 0x0000000710800000| Complete 
| 245|0x0000000710900000, 0x0000000710a00000, 0x0000000710a00000|100%| E|CS|TAMS 0x0000000710900000, 0x0000000710900000| Complete 
| 246|0x0000000710a00000, 0x0000000710b00000, 0x0000000710b00000|100%| E|CS|TAMS 0x0000000710a00000, 0x0000000710a00000| Complete 
| 247|0x0000000710b00000, 0x0000000710c00000, 0x0000000710c00000|100%| E|CS|TAMS 0x0000000710b00000, 0x0000000710b00000| Complete 
| 248|0x0000000710c00000, 0x0000000710d00000, 0x0000000710d00000|100%| E|CS|TAMS 0x0000000710c00000, 0x0000000710c00000| Complete 
| 249|0x0000000710d00000, 0x0000000710e00000, 0x0000000710e00000|100%| E|CS|TAMS 0x0000000710d00000, 0x0000000710d00000| Complete 
| 250|0x0000000710e00000, 0x0000000710f00000, 0x0000000710f00000|100%| E|CS|TAMS 0x0000000710e00000, 0x0000000710e00000| Complete 
| 251|0x0000000710f00000, 0x0000000711000000, 0x0000000711000000|100%| E|CS|TAMS 0x0000000710f00000, 0x0000000710f00000| Complete 
| 252|0x0000000711000000, 0x0000000711100000, 0x0000000711100000|100%| E|CS|TAMS 0x0000000711000000, 0x0000000711000000| Complete 
| 253|0x0000000711100000, 0x0000000711200000, 0x0000000711200000|100%| E|CS|TAMS 0x0000000711100000, 0x0000000711100000| Complete 
| 254|0x0000000711200000, 0x0000000711300000, 0x0000000711300000|100%| E|CS|TAMS 0x0000000711200000, 0x0000000711200000| Complete 
| 255|0x0000000711300000, 0x0000000711400000, 0x0000000711400000|100%| E|CS|TAMS 0x0000000711300000, 0x0000000711300000| Complete 
| 256|0x0000000711400000, 0x0000000711500000, 0x0000000711500000|100%| E|CS|TAMS 0x0000000711400000, 0x0000000711400000| Complete 
| 257|0x0000000711500000, 0x0000000711600000, 0x0000000711600000|100%| E|CS|TAMS 0x0000000711500000, 0x0000000711500000| Complete 
| 258|0x0000000711600000, 0x0000000711700000, 0x0000000711700000|100%| E|CS|TAMS 0x0000000711600000, 0x0000000711600000| Complete 
| 259|0x0000000711700000, 0x0000000711800000, 0x0000000711800000|100%| E|CS|TAMS 0x0000000711700000, 0x0000000711700000| Complete 
| 260|0x0000000711800000, 0x0000000711900000, 0x0000000711900000|100%| E|CS|TAMS 0x0000000711800000, 0x0000000711800000| Complete 
| 261|0x0000000711900000, 0x0000000711a00000, 0x0000000711a00000|100%| E|CS|TAMS 0x0000000711900000, 0x0000000711900000| Complete 
| 262|0x0000000711a00000, 0x0000000711b00000, 0x0000000711b00000|100%| E|CS|TAMS 0x0000000711a00000, 0x0000000711a00000| Complete 
| 263|0x0000000711b00000, 0x0000000711c00000, 0x0000000711c00000|100%| E|CS|TAMS 0x0000000711b00000, 0x0000000711b00000| Complete 
| 264|0x0000000711c00000, 0x0000000711d00000, 0x0000000711d00000|100%| E|CS|TAMS 0x0000000711c00000, 0x0000000711c00000| Complete 
| 265|0x0000000711d00000, 0x0000000711e00000, 0x0000000711e00000|100%| E|CS|TAMS 0x0000000711d00000, 0x0000000711d00000| Complete 
| 266|0x0000000711e00000, 0x0000000711f00000, 0x0000000711f00000|100%| E|CS|TAMS 0x0000000711e00000, 0x0000000711e00000| Complete 
| 267|0x0000000711f00000, 0x0000000712000000, 0x0000000712000000|100%| E|CS|TAMS 0x0000000711f00000, 0x0000000711f00000| Complete 
| 268|0x0000000712000000, 0x0000000712100000, 0x0000000712100000|100%| E|CS|TAMS 0x0000000712000000, 0x0000000712000000| Complete 
| 269|0x0000000712100000, 0x0000000712200000, 0x0000000712200000|100%| E|CS|TAMS 0x0000000712100000, 0x0000000712100000| Complete 
| 270|0x0000000712200000, 0x0000000712300000, 0x0000000712300000|100%| E|CS|TAMS 0x0000000712200000, 0x0000000712200000| Complete 
| 271|0x0000000712300000, 0x0000000712400000, 0x0000000712400000|100%| E|CS|TAMS 0x0000000712300000, 0x0000000712300000| Complete 
| 272|0x0000000712400000, 0x0000000712500000, 0x0000000712500000|100%| E|CS|TAMS 0x0000000712400000, 0x0000000712400000| Complete 
| 273|0x0000000712500000, 0x0000000712600000, 0x0000000712600000|100%| E|CS|TAMS 0x0000000712500000, 0x0000000712500000| Complete 
| 274|0x0000000712600000, 0x0000000712700000, 0x0000000712700000|100%| E|CS|TAMS 0x0000000712600000, 0x0000000712600000| Complete 
| 275|0x0000000712700000, 0x0000000712800000, 0x0000000712800000|100%| E|CS|TAMS 0x0000000712700000, 0x0000000712700000| Complete 
| 276|0x0000000712800000, 0x0000000712900000, 0x0000000712900000|100%| E|CS|TAMS 0x0000000712800000, 0x0000000712800000| Complete 
| 277|0x0000000712900000, 0x0000000712a00000, 0x0000000712a00000|100%| E|CS|TAMS 0x0000000712900000, 0x0000000712900000| Complete 
| 278|0x0000000712a00000, 0x0000000712b00000, 0x0000000712b00000|100%| E|CS|TAMS 0x0000000712a00000, 0x0000000712a00000| Complete 
| 279|0x0000000712b00000, 0x0000000712c00000, 0x0000000712c00000|100%| E|CS|TAMS 0x0000000712b00000, 0x0000000712b00000| Complete 
| 280|0x0000000712c00000, 0x0000000712d00000, 0x0000000712d00000|100%| E|CS|TAMS 0x0000000712c00000, 0x0000000712c00000| Complete 
| 281|0x0000000712d00000, 0x0000000712e00000, 0x0000000712e00000|100%| E|CS|TAMS 0x0000000712d00000, 0x0000000712d00000| Complete 
| 282|0x0000000712e00000, 0x0000000712f00000, 0x0000000712f00000|100%| E|CS|TAMS 0x0000000712e00000, 0x0000000712e00000| Complete 
| 283|0x0000000712f00000, 0x0000000713000000, 0x0000000713000000|100%| E|CS|TAMS 0x0000000712f00000, 0x0000000712f00000| Complete 
| 284|0x0000000713000000, 0x0000000713100000, 0x0000000713100000|100%| E|CS|TAMS 0x0000000713000000, 0x0000000713000000| Complete 
| 285|0x0000000713100000, 0x0000000713200000, 0x0000000713200000|100%| E|CS|TAMS 0x0000000713100000, 0x0000000713100000| Complete 
| 286|0x0000000713200000, 0x0000000713300000, 0x0000000713300000|100%| E|CS|TAMS 0x0000000713200000, 0x0000000713200000| Complete 
| 287|0x0000000713300000, 0x0000000713400000, 0x0000000713400000|100%| E|CS|TAMS 0x0000000713300000, 0x0000000713300000| Complete 
| 288|0x0000000713400000, 0x0000000713500000, 0x0000000713500000|100%| E|CS|TAMS 0x0000000713400000, 0x0000000713400000| Complete 
| 289|0x0000000713500000, 0x0000000713600000, 0x0000000713600000|100%| E|CS|TAMS 0x0000000713500000, 0x0000000713500000| Complete 
| 290|0x0000000713600000, 0x0000000713700000, 0x0000000713700000|100%| E|CS|TAMS 0x0000000713600000, 0x0000000713600000| Complete 
| 291|0x0000000713700000, 0x0000000713800000, 0x0000000713800000|100%| E|CS|TAMS 0x0000000713700000, 0x0000000713700000| Complete 
| 292|0x0000000713800000, 0x0000000713900000, 0x0000000713900000|100%| E|CS|TAMS 0x0000000713800000, 0x0000000713800000| Complete 
| 293|0x0000000713900000, 0x0000000713a00000, 0x0000000713a00000|100%| E|CS|TAMS 0x0000000713900000, 0x0000000713900000| Complete 
| 294|0x0000000713a00000, 0x0000000713b00000, 0x0000000713b00000|100%| E|CS|TAMS 0x0000000713a00000, 0x0000000713a00000| Complete 
| 295|0x0000000713b00000, 0x0000000713c00000, 0x0000000713c00000|100%| E|CS|TAMS 0x0000000713b00000, 0x0000000713b00000| Complete 
| 296|0x0000000713c00000, 0x0000000713d00000, 0x0000000713d00000|100%| E|CS|TAMS 0x0000000713c00000, 0x0000000713c00000| Complete 
| 297|0x0000000713d00000, 0x0000000713e00000, 0x0000000713e00000|100%| E|CS|TAMS 0x0000000713d00000, 0x0000000713d00000| Complete 
| 298|0x0000000713e00000, 0x0000000713f00000, 0x0000000713f00000|100%| E|CS|TAMS 0x0000000713e00000, 0x0000000713e00000| Complete 
| 299|0x0000000713f00000, 0x0000000714000000, 0x0000000714000000|100%| E|CS|TAMS 0x0000000713f00000, 0x0000000713f00000| Complete 
| 300|0x0000000714000000, 0x0000000714100000, 0x0000000714100000|100%| E|CS|TAMS 0x0000000714000000, 0x0000000714000000| Complete 
| 301|0x0000000714100000, 0x0000000714200000, 0x0000000714200000|100%| E|CS|TAMS 0x0000000714100000, 0x0000000714100000| Complete 
| 302|0x0000000714200000, 0x0000000714300000, 0x0000000714300000|100%| E|CS|TAMS 0x0000000714200000, 0x0000000714200000| Complete 
| 303|0x0000000714300000, 0x0000000714400000, 0x0000000714400000|100%| E|CS|TAMS 0x0000000714300000, 0x0000000714300000| Complete 
| 304|0x0000000714400000, 0x0000000714500000, 0x0000000714500000|100%| E|CS|TAMS 0x0000000714400000, 0x0000000714400000| Complete 
| 305|0x0000000714500000, 0x0000000714600000, 0x0000000714600000|100%| E|CS|TAMS 0x0000000714500000, 0x0000000714500000| Complete 
| 306|0x0000000714600000, 0x0000000714700000, 0x0000000714700000|100%| E|CS|TAMS 0x0000000714600000, 0x0000000714600000| Complete 
| 307|0x0000000714700000, 0x0000000714800000, 0x0000000714800000|100%| E|CS|TAMS 0x0000000714700000, 0x0000000714700000| Complete 

Card table byte_map: [0x000001ef5d5a0000,0x000001ef5dda0000] _byte_map_base: 0x000001ef59d96000

Marking Bits (Prev, Next): (CMBitMap*) 0x000001ef45f083e0, (CMBitMap*) 0x000001ef45f083a8
 Prev Bits: [0x000001ef62550000, 0x000001ef66500000)
 Next Bits: [0x000001ef5e5a0000, 0x000001ef62550000)

Polling page: 0x000001ef45650000

Metaspace:

Usage:
  Non-class:     60.90 MB capacity,    59.82 MB ( 98%) used,   887.07 KB (  1%) free+waste,   217.56 KB ( <1%) overhead. 
      Class:      9.27 MB capacity,     8.58 MB ( 93%) used,   598.44 KB (  6%) free+waste,   103.19 KB (  1%) overhead. 
       Both:     70.17 MB capacity,    68.41 MB ( 97%) used,     1.45 MB (  2%) free+waste,   320.75 KB ( <1%) overhead. 

Virtual space:
  Non-class space:       62.00 MB reserved,      61.00 MB ( 98%) committed 
      Class space:        1.00 GB reserved,       9.38 MB ( <1%) committed 
             Both:        1.06 GB reserved,      70.38 MB (  6%) committed 

Chunk freelists:
   Non-Class:  4.38 KB
       Class:  1.63 KB
        Both:  6.00 KB

CodeHeap 'non-profiled nmethods': size=119168Kb used=4784Kb max_used=4784Kb free=114383Kb
 bounds [0x000001ef550c0000, 0x000001ef55570000, 0x000001ef5c520000]
CodeHeap 'profiled nmethods': size=119168Kb used=15861Kb max_used=15861Kb free=103306Kb
 bounds [0x000001ef4dc60000, 0x000001ef4ebe0000, 0x000001ef550c0000]
CodeHeap 'non-nmethods': size=7424Kb used=2928Kb max_used=3015Kb free=4495Kb
 bounds [0x000001ef4d520000, 0x000001ef4d820000, 0x000001ef4dc60000]
 total_blobs=7160 nmethods=6559 adapters=509
 compilation: enabled
              stopped_count=0, restarted_count=0
 full_count=0

Compilation events (10 events):
Event: 6.177 Thread 0x000001ef6a127000 6569       3       org.springframework.beans.factory.support.AbstractAutowireCapableBeanFactory::populateBean (372 bytes)
Event: 6.178 Thread 0x000001ef69fa8000 6571       3       java.lang.reflect.Constructor::getDeclaredAnnotations (5 bytes)
Event: 6.178 Thread 0x000001ef69fa8000 nmethod 6571 0x000001ef4ebc8c90 code [0x000001ef4ebc8e80, 0x000001ef4ebc9328]
Event: 6.179 Thread 0x000001ef6a127000 nmethod 6569 0x000001ef4ebc9490 code [0x000001ef4ebc9940, 0x000001ef4ebcce18]
Event: 6.182 Thread 0x000001ef6a8c6000 6572       1       sun.reflect.generics.tree.MethodTypeSignature::getParameterTypes (5 bytes)
Event: 6.182 Thread 0x000001ef6a8c6000 nmethod 6572 0x000001ef55547790 code [0x000001ef55547920, 0x000001ef555479d8]
Event: 6.182 Thread 0x000001ef6ad32000 6573       1       sun.reflect.generics.scope.AbstractScope::getRecvr (5 bytes)
Event: 6.182 Thread 0x000001ef6ad32000 nmethod 6573 0x000001ef55547a90 code [0x000001ef55547c20, 0x000001ef55547cd8]
Event: 6.183 Thread 0x000001ef69fa8000 6574       3       sun.reflect.generics.parser.SignatureParser::parseClassSignature (37 bytes)
Event: 6.183 Thread 0x000001ef69fa8000 nmethod 6574 0x000001ef4ebcdb10 code [0x000001ef4ebcdd20, 0x000001ef4ebce318]

GC Heap History (10 events):
Event: 0.417 GC heap before
{Heap before GC invocations=0 (full 0):
 garbage-first heap   total 262144K, used 24576K [0x0000000701400000, 0x0000000800000000)
  region size 1024K, 24 young (24576K), 0 survivors (0K)
 Metaspace       used 11395K, capacity 11546K, committed 11648K, reserved 1060864K
  class space    used 1097K, capacity 1148K, committed 1152K, reserved 1048576K
}
Event: 0.421 GC heap after
{Heap after GC invocations=1 (full 0):
 garbage-first heap   total 262144K, used 6605K [0x0000000701400000, 0x0000000800000000)
  region size 1024K, 3 young (3072K), 3 survivors (3072K)
 Metaspace       used 11395K, capacity 11546K, committed 11648K, reserved 1060864K
  class space    used 1097K, capacity 1148K, committed 1152K, reserved 1048576K
}
Event: 0.817 GC heap before
{Heap before GC invocations=1 (full 0):
 garbage-first heap   total 262144K, used 57805K [0x0000000701400000, 0x0000000800000000)
  region size 1024K, 54 young (55296K), 3 survivors (3072K)
 Metaspace       used 20658K, capacity 21158K, committed 21248K, reserved 1069056K
  class space    used 2268K, capacity 2479K, committed 2560K, reserved 1048576K
}
Event: 0.822 GC heap after
{Heap after GC invocations=2 (full 0):
 garbage-first heap   total 262144K, used 8562K [0x0000000701400000, 0x0000000800000000)
  region size 1024K, 5 young (5120K), 5 survivors (5120K)
 Metaspace       used 20658K, capacity 21158K, committed 21248K, reserved 1069056K
  class space    used 2268K, capacity 2479K, committed 2560K, reserved 1048576K
}
Event: 1.106 GC heap before
{Heap before GC invocations=3 (full 0):
 garbage-first heap   total 262144K, used 61810K [0x0000000701400000, 0x0000000800000000)
  region size 1024K, 57 young (58368K), 5 survivors (5120K)
 Metaspace       used 26563K, capacity 27327K, committed 27392K, reserved 1073152K
  class space    used 2985K, capacity 3277K, committed 3328K, reserved 1048576K
}
Event: 1.110 GC heap after
{Heap after GC invocations=4 (full 0):
 garbage-first heap   total 262144K, used 11016K [0x0000000701400000, 0x0000000800000000)
  region size 1024K, 5 young (5120K), 5 survivors (5120K)
 Metaspace       used 26563K, capacity 27327K, committed 27392K, reserved 1073152K
  class space    used 2985K, capacity 3277K, committed 3328K, reserved 1048576K
}
Event: 1.732 GC heap before
{Heap before GC invocations=4 (full 0):
 garbage-first heap   total 262144K, used 85768K [0x0000000701400000, 0x0000000800000000)
  region size 1024K, 79 young (80896K), 5 survivors (5120K)
 Metaspace       used 34894K, capacity 35744K, committed 35840K, reserved 1081344K
  class space    used 4050K, capacity 4425K, committed 4480K, reserved 1048576K
}
Event: 1.737 GC heap after
{Heap after GC invocations=5 (full 0):
 garbage-first heap   total 262144K, used 14006K [0x0000000701400000, 0x0000000800000000)
  region size 1024K, 8 young (8192K), 8 survivors (8192K)
 Metaspace       used 34894K, capacity 35744K, committed 35840K, reserved 1081344K
  class space    used 4050K, capacity 4425K, committed 4480K, reserved 1048576K
}
Event: 3.815 GC heap before
{Heap before GC invocations=6 (full 0):
 garbage-first heap   total 262144K, used 136886K [0x0000000701400000, 0x0000000800000000)
  region size 1024K, 129 young (132096K), 8 survivors (8192K)
 Metaspace       used 58756K, capacity 60076K, committed 60160K, reserved 1101824K
  class space    used 7361K, capacity 7904K, committed 7936K, reserved 1048576K
}
Event: 3.829 GC heap after
{Heap after GC invocations=7 (full 0):
 garbage-first heap   total 315392K, used 20368K [0x0000000701400000, 0x0000000800000000)
  region size 1024K, 14 young (14336K), 14 survivors (14336K)
 Metaspace       used 58756K, capacity 60076K, committed 60160K, reserved 1101824K
  class space    used 7361K, capacity 7904K, committed 7936K, reserved 1048576K
}

Deoptimization events (10 events):
Event: 5.800 Thread 0x000001ef6a026000 Uncommon trap: reason=profile_predicate action=maybe_recompile pc=0x000001ef55500428 method=nonapi.io.github.classgraph.utils.FileUtils.sanitizeEntryPath(Ljava/lang/String;ZZ)Ljava/lang/String; @ 53 c2
Event: 5.803 Thread 0x000001ef6e9a7000 Uncommon trap: reason=profile_predicate action=maybe_recompile pc=0x000001ef55500428 method=nonapi.io.github.classgraph.utils.FileUtils.sanitizeEntryPath(Ljava/lang/String;ZZ)Ljava/lang/String; @ 53 c2
Event: 5.962 Thread 0x000001ef6af24000 Uncommon trap: reason=unstable_if action=reinterpret pc=0x000001ef555222bc method=org.springframework.core.annotation.TypeMappedAnnotations$MergedAnnotationFinder.process(Ljava/lang/Object;ILjava/lang/Object;Ljava/lang/annotation/Annotation;)Lorg/springfr
Event: 6.025 Thread 0x000001ef6af24000 Uncommon trap: reason=bimorphic_or_optimized_type_check action=maybe_recompile pc=0x000001ef554a6dc4 method=java.util.stream.AbstractPipeline.spliterator()Ljava/util/Spliterator; @ 112 c2
Event: 6.026 Thread 0x000001ef6af24000 Uncommon trap: reason=class_check action=maybe_recompile pc=0x000001ef553c76dc method=java.lang.reflect.Method.equals(Ljava/lang/Object;)Z @ 5 c2
Event: 6.032 Thread 0x000001ef6af24000 Uncommon trap: reason=unstable_if action=reinterpret pc=0x000001ef55235d44 method=sun.reflect.annotation.AnnotationInvocationHandler.invoke(Ljava/lang/Object;Ljava/lang/reflect/Method;[Ljava/lang/Object;)Ljava/lang/Object; @ 76 c2
Event: 6.040 Thread 0x000001ef6af24000 Uncommon trap: reason=unstable_if action=reinterpret pc=0x000001ef554dbbac method=org.springframework.core.annotation.AnnotationsScanner.processClassInheritedAnnotations(Ljava/lang/Object;Ljava/lang/Class;Lorg/springframework/core/annotation/MergedAnnotat
Event: 6.061 Thread 0x000001ef6af24000 Uncommon trap: reason=null_check action=make_not_entrant pc=0x000001ef5553afbc method=java.util.concurrent.ConcurrentHashMap$TreeBin.<init>(Ljava/util/concurrent/ConcurrentHashMap$TreeNode;)V @ 25 c2
Event: 6.154 Thread 0x000001ef6af24000 Uncommon trap: reason=unstable_if action=reinterpret pc=0x000001ef554cd4d8 method=org.aspectj.weaver.UnresolvedType.forSignature(Ljava/lang/String;)Lorg/aspectj/weaver/UnresolvedType; @ 37 c2
Event: 6.178 Thread 0x000001ef6af24000 Uncommon trap: reason=null_check action=make_not_entrant pc=0x000001ef5520a674 method=org.springframework.util.ClassUtils.isAssignable(Ljava/lang/Class;Ljava/lang/Class;)Z @ 14 c2

Classes redefined (0 events):
No events

Internal exceptions (10 events):
Event: 5.736 Thread 0x000001ef6e9a9800 Exception <a 'sun/nio/fs/WindowsException'{0x000000070ea584b0}> (0x000000070ea584b0) thrown at [./open/src/hotspot/share/prims/jni.cpp, line 611]
Event: 5.736 Thread 0x000001ef6e9a9800 Exception <a 'sun/nio/fs/WindowsException'{0x000000070ea58840}> (0x000000070ea58840) thrown at [./open/src/hotspot/share/prims/jni.cpp, line 611]
Event: 5.736 Thread 0x000001ef6e9a9800 Exception <a 'sun/nio/fs/WindowsException'{0x000000070ea59238}> (0x000000070ea59238) thrown at [./open/src/hotspot/share/prims/jni.cpp, line 611]
Event: 5.736 Thread 0x000001ef6e9a9800 Exception <a 'sun/nio/fs/WindowsException'{0x000000070ea595f0}> (0x000000070ea595f0) thrown at [./open/src/hotspot/share/prims/jni.cpp, line 611]
Event: 5.737 Thread 0x000001ef6e9a9800 Exception <a 'sun/nio/fs/WindowsException'{0x000000070ea59ff8}> (0x000000070ea59ff8) thrown at [./open/src/hotspot/share/prims/jni.cpp, line 611]
Event: 5.737 Thread 0x000001ef6e9a9800 Exception <a 'sun/nio/fs/WindowsException'{0x000000070ea5a3c8}> (0x000000070ea5a3c8) thrown at [./open/src/hotspot/share/prims/jni.cpp, line 611]
Event: 5.737 Thread 0x000001ef6e9a9800 Exception <a 'sun/nio/fs/WindowsException'{0x000000070ea5adc8}> (0x000000070ea5adc8) thrown at [./open/src/hotspot/share/prims/jni.cpp, line 611]
Event: 5.737 Thread 0x000001ef6e9a9800 Exception <a 'sun/nio/fs/WindowsException'{0x000000070ea5b188}> (0x000000070ea5b188) thrown at [./open/src/hotspot/share/prims/jni.cpp, line 611]
Event: 6.061 Thread 0x000001ef6af24000 Implicit null exception at 0x000001ef55538f97 to 0x000001ef5553af3c
Event: 6.178 Thread 0x000001ef6af24000 Implicit null exception at 0x000001ef5520a457 to 0x000001ef5520a660

Events (10 events):
Event: 6.176 loading class org/springframework/context/support/DefaultLifecycleProcessor$LifecycleGroup done
Event: 6.178 Thread 0x000001ef6af24000 Uncommon trap: trap_request=0xfffffff4 fr.pc=0x000001ef5520a674 relative=0x0000000000000234
Event: 6.178 Thread 0x000001ef6af24000 DEOPT PACKING pc=0x000001ef5520a674 sp=0x00000012c13fdac0
Event: 6.178 Thread 0x000001ef6af24000 DEOPT UNPACKING pc=0x000001ef4d5468af sp=0x00000012c13fda50 mode 2
Event: 6.178 loading class org/springframework/data/jpa/repository/support/JpaEvaluationContextExtension$JpaRootObject
Event: 6.178 loading class org/springframework/data/jpa/repository/support/JpaEvaluationContextExtension$JpaRootObject done
Event: 6.182 loading class org/springframework/boot/context/properties/bind/Bindable
Event: 6.182 loading class org/springframework/boot/context/properties/bind/Bindable done
Event: 6.182 loading class org/springframework/boot/context/properties/bind/Bindable
Event: 6.182 loading class org/springframework/boot/context/properties/bind/Bindable done


Dynamic libraries:
0x00007ff768090000 - 0x00007ff76809f000 	C:\Program Files\Java\jdk-11.0.16.1\bin\java.exe
0x00007ffa3b120000 - 0x00007ffa3b329000 	C:\WINDOWS\SYSTEM32\ntdll.dll
0x00007ffa3a2f0000 - 0x00007ffa3a3ae000 	C:\WINDOWS\System32\KERNEL32.DLL
0x00007ffa387b0000 - 0x00007ffa38b2b000 	C:\WINDOWS\System32\KERNELBASE.dll
0x000000005f080000 - 0x000000005f3b0000 	C:\Program Files\Norton Security\NortonData\22.21.1.151\Definitions\IPSDefs\20221114.061\IPSEng64.dll
0x00007ffa392c0000 - 0x00007ffa3936e000 	C:\WINDOWS\System32\ADVAPI32.dll
0x00007ffa39dd0000 - 0x00007ffa39e73000 	C:\WINDOWS\System32\msvcrt.dll
0x00007ffa39020000 - 0x00007ffa390be000 	C:\WINDOWS\System32\sechost.dll
0x00007ffa39730000 - 0x00007ffa39850000 	C:\WINDOWS\System32\RPCRT4.dll
0x00007ffa39ca0000 - 0x00007ffa39ca8000 	C:\WINDOWS\System32\PSAPI.DLL
0x00007ffa38690000 - 0x00007ffa387a1000 	C:\WINDOWS\System32\ucrtbase.dll
0x00007ffa16280000 - 0x00007ffa16295000 	C:\Program Files\Java\jdk-11.0.16.1\bin\VCRUNTIME140.dll
0x00007ffa162a0000 - 0x00007ffa162b8000 	C:\Program Files\Java\jdk-11.0.16.1\bin\jli.dll
0x00007ffa39850000 - 0x00007ffa399fd000 	C:\WINDOWS\System32\USER32.dll
0x00007ffa38660000 - 0x00007ffa38686000 	C:\WINDOWS\System32\win32u.dll
0x00007ffa39290000 - 0x00007ffa392b9000 	C:\WINDOWS\System32\GDI32.dll
0x00007ffa38e00000 - 0x00007ffa38f18000 	C:\WINDOWS\System32\gdi32full.dll
0x00007ffa38bf0000 - 0x00007ffa38c8d000 	C:\WINDOWS\System32\msvcp_win.dll
0x00007ffa20360000 - 0x00007ffa20605000 	C:\WINDOWS\WinSxS\amd64_microsoft.windows.common-controls_6595b64144ccf1df_6.0.22000.120_none_9d947278b86cc467\COMCTL32.dll
0x00007ffa2fd90000 - 0x00007ffa2fd9a000 	C:\WINDOWS\SYSTEM32\VERSION.dll
0x00007ffa39370000 - 0x00007ffa393a2000 	C:\WINDOWS\System32\IMM32.DLL
0x00007ff9f7ab0000 - 0x00007ff9f7b4b000 	C:\Program Files\Java\jdk-11.0.16.1\bin\msvcp140.dll
0x00007ff9afe60000 - 0x00007ff9b0978000 	C:\Program Files\Java\jdk-11.0.16.1\bin\server\jvm.dll
0x00007ffa1b040000 - 0x00007ffa1b049000 	C:\WINDOWS\SYSTEM32\WSOCK32.dll
0x00007ffa3b070000 - 0x00007ffa3b0df000 	C:\WINDOWS\System32\WS2_32.dll
0x00007ffa318f0000 - 0x00007ffa31923000 	C:\WINDOWS\SYSTEM32\WINMM.dll
0x00007ffa37730000 - 0x00007ffa37748000 	C:\WINDOWS\SYSTEM32\kernel.appcore.dll
0x00007ffa33f40000 - 0x00007ffa33f50000 	C:\Program Files\Java\jdk-11.0.16.1\bin\verify.dll
0x00007ffa362f0000 - 0x00007ffa36511000 	C:\WINDOWS\SYSTEM32\DBGHELP.DLL
0x00007ffa1dc00000 - 0x00007ffa1dc31000 	C:\WINDOWS\SYSTEM32\dbgcore.DLL
0x00007ffa38f20000 - 0x00007ffa38f9f000 	C:\WINDOWS\System32\bcryptPrimitives.dll
0x00007ffa32870000 - 0x00007ffa32898000 	C:\Program Files\Java\jdk-11.0.16.1\bin\java.dll
0x00007ffa33f30000 - 0x00007ffa33f3a000 	C:\Program Files\Java\jdk-11.0.16.1\bin\jimage.dll
0x00007ffa1d300000 - 0x00007ffa1d30e000 	C:\Program Files\Java\jdk-11.0.16.1\bin\instrument.dll
0x00007ffa330a0000 - 0x00007ffa330b6000 	C:\Program Files\Java\jdk-11.0.16.1\bin\zip.dll
0x00007ffa3a5f0000 - 0x00007ffa3ada8000 	C:\WINDOWS\System32\SHELL32.dll
0x00007ffa366b0000 - 0x00007ffa36f15000 	C:\WINDOWS\SYSTEM32\windows.storage.dll
0x00007ffa393b0000 - 0x00007ffa39728000 	C:\WINDOWS\System32\combase.dll
0x00007ffa36520000 - 0x00007ffa36686000 	C:\WINDOWS\SYSTEM32\wintypes.dll
0x00007ffa3a500000 - 0x00007ffa3a5ea000 	C:\WINDOWS\System32\SHCORE.dll
0x00007ffa3adb0000 - 0x00007ffa3ae0d000 	C:\WINDOWS\System32\shlwapi.dll
0x00007ffa38520000 - 0x00007ffa38541000 	C:\WINDOWS\SYSTEM32\profapi.dll
0x00007ffa04d80000 - 0x00007ffa04d99000 	C:\Program Files\Java\jdk-11.0.16.1\bin\net.dll
0x00007ffa317b0000 - 0x00007ffa318c4000 	C:\WINDOWS\SYSTEM32\WINHTTP.dll
0x00007ffa37c00000 - 0x00007ffa37c67000 	C:\WINDOWS\system32\mswsock.dll
0x00007ffa04d60000 - 0x00007ffa04d72000 	C:\Program Files\Java\jdk-11.0.16.1\bin\nio.dll
0x00007ffa04d40000 - 0x00007ffa04d5a000 	C:\Program Files\JetBrains\IntelliJ IDEA Community Edition 2022.2.2\bin\breakgen64.dll
0x00007ffa33f20000 - 0x00007ffa33f29000 	C:\Program Files\Java\jdk-11.0.16.1\bin\management.dll
0x00007ffa298f0000 - 0x00007ffa298fb000 	C:\Program Files\Java\jdk-11.0.16.1\bin\management_ext.dll
0x00007ffa1afe0000 - 0x00007ffa1aff7000 	C:\WINDOWS\system32\napinsp.dll
0x00007ffa1acf0000 - 0x00007ffa1ad0b000 	C:\WINDOWS\system32\pnrpnsp.dll
0x00007ffa37280000 - 0x00007ffa37368000 	C:\WINDOWS\SYSTEM32\DNSAPI.dll
0x00007ffa37250000 - 0x00007ffa3727d000 	C:\WINDOWS\SYSTEM32\IPHLPAPI.DLL
0x00007ffa39c90000 - 0x00007ffa39c99000 	C:\WINDOWS\System32\NSI.dll
0x00007ffa1acd0000 - 0x00007ffa1ace2000 	C:\WINDOWS\System32\winrnr.dll
0x00007ffa31580000 - 0x00007ffa31595000 	C:\WINDOWS\system32\wshbth.dll
0x00007ffa19450000 - 0x00007ffa1946f000 	C:\WINDOWS\system32\nlansp_c.dll
0x00007ffa2dca0000 - 0x00007ffa2dcaa000 	C:\Windows\System32\rasadhlp.dll
0x00007ffa2fa50000 - 0x00007ffa2fad1000 	C:\WINDOWS\System32\fwpuclnt.dll
0x00007ffa37e40000 - 0x00007ffa37e58000 	C:\WINDOWS\SYSTEM32\CRYPTSP.dll
0x00007ffa37690000 - 0x00007ffa376c5000 	C:\WINDOWS\system32\rsaenh.dll
0x00007ffa37cf0000 - 0x00007ffa37d19000 	C:\WINDOWS\SYSTEM32\USERENV.dll
0x00007ffa37fd0000 - 0x00007ffa37ff7000 	C:\WINDOWS\SYSTEM32\bcrypt.dll
0x00007ffa37e60000 - 0x00007ffa37e6c000 	C:\WINDOWS\SYSTEM32\CRYPTBASE.dll
0x00007ffa31680000 - 0x00007ffa31699000 	C:\WINDOWS\SYSTEM32\dhcpcsvc6.DLL
0x00007ffa31c20000 - 0x00007ffa31c3e000 	C:\WINDOWS\SYSTEM32\dhcpcsvc.DLL
0x00007ffa16230000 - 0x00007ffa1623d000 	C:\Program Files\Java\jdk-11.0.16.1\bin\sunmscapi.dll
0x00007ffa38c90000 - 0x00007ffa38df2000 	C:\WINDOWS\System32\CRYPT32.dll
0x00007ffa37fa0000 - 0x00007ffa37fc8000 	C:\WINDOWS\SYSTEM32\ncrypt.dll
0x00007ffa37f60000 - 0x00007ffa37f97000 	C:\WINDOWS\SYSTEM32\NTASN1.dll
0x00007ffa04c60000 - 0x00007ffa04c85000 	C:\Program Files\Java\jdk-11.0.16.1\bin\sunec.dll

dbghelp: loaded successfully - version: 4.0.5 - missing functions: none
symbol engine: initialized successfully - sym options: 0x614 - pdb path: .;C:\Program Files\Java\jdk-11.0.16.1\bin;C:\WINDOWS\SYSTEM32;C:\Program Files\Norton Security\NortonData\22.21.1.151\Definitions\IPSDefs\20221114.061;C:\WINDOWS\WinSxS\amd64_microsoft.windows.common-controls_6595b64144ccf1df_6.0.22000.120_none_9d947278b86cc467;C:\Program Files\Java\jdk-11.0.16.1\bin\server;C:\Program Files\JetBrains\IntelliJ IDEA Community Edition 2022.2.2\bin

VM Arguments:
jvm_args: -javaagent:C:\Program Files\JetBrains\IntelliJ IDEA Community Edition 2022.2.2\lib\idea_rt.jar=63931:C:\Program Files\JetBrains\IntelliJ IDEA Community Edition 2022.2.2\bin -Dfile.encoding=UTF-8 
java_command: com.revature.SocialMediaApplication
java_class_path (initial): E:\TravelSocialMediaApp\Scrumdog-Millionaires-project3\social-media-spring-main\target\classes;C:\Users\Jaden\.m2\repository\org\springframework\boot\spring-boot-starter-data-jpa\2.7.1\spring-boot-starter-data-jpa-2.7.1.jar;C:\Users\Jaden\.m2\repository\org\springframework\boot\spring-boot-starter-aop\2.7.1\spring-boot-starter-aop-2.7.1.jar;C:\Users\Jaden\.m2\repository\org\springframework\spring-aop\5.3.21\spring-aop-5.3.21.jar;C:\Users\Jaden\.m2\repository\org\aspectj\aspectjweaver\1.9.7\aspectjweaver-1.9.7.jar;C:\Users\Jaden\.m2\repository\org\springframework\boot\spring-boot-starter-jdbc\2.7.1\spring-boot-starter-jdbc-2.7.1.jar;C:\Users\Jaden\.m2\repository\com\zaxxer\HikariCP\4.0.3\HikariCP-4.0.3.jar;C:\Users\Jaden\.m2\repository\org\springframework\spring-jdbc\5.3.21\spring-jdbc-5.3.21.jar;C:\Users\Jaden\.m2\repository\jakarta\transaction\jakarta.transaction-api\1.3.3\jakarta.transaction-api-1.3.3.jar;C:\Users\Jaden\.m2\repository\jakarta\persistence\jakarta.persistence-api\2.2.3\jakarta.persistence-api-2.2.3.jar;C:\Users\Jaden\.m2\repository\org\hibernate\hibernate-core\5.6.9.Final\hibernate-core-5.6.9.Final.jar;C:\Users\Jaden\.m2\repository\org\jboss\logging\jboss-logging\3.4.3.Final\jboss-logging-3.4.3.Final.jar;C:\Users\Jaden\.m2\repository\net\bytebuddy\byte-buddy\1.12.11\byte-buddy-1.12.11.jar;C:\Users\Jaden\.m2\repository\antlr\antlr\2.7.7\antlr-2.7.7.jar;C:\Users\Jaden\.m2\repository\org\jboss\jandex\2.4.2.Final\jandex-2.4.2.Final.jar;C:\Users\Jaden\.m2\repository\com\fasterxml\classmate\1.5.1\classmate-1.5.1.jar;C:\Users\Jaden\.m2\repository\org\hibernate\common\hibernate-commons-annotations\5.1.2.Final\hibernate-commons-annotations-5.1.2.Final.jar;C:\Users\Jaden\.m2\repository\org\glassfish\jaxb\jaxb-runtime\2.3.6\jaxb-runtime-2.3.6.jar;C:\Users\Jaden\.m2\repository\org\glassfish\jaxb\txw2\2.3.6\txw2-2.3.6.jar;C:\Users\Jaden\.m2\repository\com\sun\istack\istack-commons-runtime\3.0.12\istack-commons-runtime-3.0.12.jar;C:\U
Launcher Type: SUN_STANDARD

[Global flags]
     intx CICompilerCount                          = 12                                        {product} {ergonomic}
     uint ConcGCThreads                            = 3                                         {product} {ergonomic}
     uint G1ConcRefinementThreads                  = 13                                        {product} {ergonomic}
   size_t G1HeapRegionSize                         = 1048576                                   {product} {ergonomic}
    uintx GCDrainStackTargetSize                   = 64                                        {product} {ergonomic}
   size_t InitialHeapSize                          = 268435456                                 {product} {ergonomic}
   size_t MarkStackSize                            = 4194304                                   {product} {ergonomic}
   size_t MaxHeapSize                              = 4273995776                                {product} {ergonomic}
   size_t MaxNewSize                               = 2563768320                                {product} {ergonomic}
   size_t MinHeapDeltaBytes                        = 1048576                                   {product} {ergonomic}
    uintx NonNMethodCodeHeapSize                   = 7594288                                {pd product} {ergonomic}
    uintx NonProfiledCodeHeapSize                  = 122031976                              {pd product} {ergonomic}
    uintx ProfiledCodeHeapSize                     = 122031976                              {pd product} {ergonomic}
    uintx ReservedCodeCacheSize                    = 251658240                              {pd product} {ergonomic}
     bool SegmentedCodeCache                       = true                                      {product} {ergonomic}
     bool UseCompressedClassPointers               = true                                 {lp64_product} {ergonomic}
     bool UseCompressedOops                        = true                                 {lp64_product} {ergonomic}
     bool UseG1GC                                  = true                                      {product} {ergonomic}
     bool UseLargePagesIndividualAllocation        = false                                  {pd product} {ergonomic}

Logging:
Log output configuration:
 #0: stdout all=warning uptime,level,tags
 #1: stderr all=off uptime,level,tags

Environment Variables:
JAVA_HOME=C:\Program Files\Java\jdk-11.0.16.1
PATH=C:\Program Files\Common Files\Oracle\Java\javapath;C:\Program Files\Python39\Scripts\;C:\Program Files\Python39\;C:\Program Files (x86)\Common Files\Intel\Shared Libraries\redist\intel64\compiler;C:\windows\system32;C:\windows;C:\windows\System32\Wbem;C:\windows\System32\WindowsPowerShell\v1.0\;C:\windows\System32\OpenSSH\;C:\Program Files (x86)\NVIDIA Corporation\PhysX\Common;C:\Program Files\NVIDIA Corporation\NVIDIA NvDLISR;C:\Program Files\nodejs\;C:\WINDOWS\system32;C:\WINDOWS;C:\WINDOWS\System32\Wbem;C:\WINDOWS\System32\WindowsPowerShell\v1.0\;C:\WINDOWS\System32\OpenSSH\;C:\Program Files (x86)\dotnet\;C:\mingw64\bin;C:\Program Files\Git\cmd;C:\apache-maven-3.8.6\bin;;C:\Program Files\Docker\Docker\resources\bin;C:\Program Files\dotnet;C:\Users\Jaden\AppData\Local\Programs\Python\Python39\Scripts\;C:\Users\Jaden\AppData\Local\Programs\Python\Python39\;C:\Users\Jaden\AppData\Roaming\Python\Python39\Scripts;C:\Users\Jaden\AppData\Local\Programs\Microsoft VS Code\bin;C:\Users\Jaden\AppData\Roaming\npm;C:\\Program Files\MySQL\MySQL Server 8.0\bin;C:\Program Files\Java\jdk1.8.0_321\bin;C:\Program Files\Java\apache-maven-3.8.4\bin;C:\Program Files\heroku\bin;C:\Users\Jaden\.dotnet\tools;;C:\Program Files\JetBrains\IntelliJ IDEA Community Edition 2022.2.2\bin;
USERNAME=Jaden
OS=Windows_NT
PROCESSOR_IDENTIFIER=AMD64 Family 23 Model 113 Stepping 0, AuthenticAMD



---------------  S Y S T E M  ---------------

OS: Windows 11 , 64 bit Build 22000 (10.0.22000.1219)
Hyper-V role detected

CPU:total 16 (initial active 16) (16 cores per cpu, 2 threads per core) family 23 model 113 stepping 0 microcode 0x0, cmov, cx8, fxsr, mmx, sse, sse2, sse3, ssse3, sse4.1, sse4.2, popcnt, avx, avx2, aes, clmul, mmxext, 3dnowpref, lzcnt, sse4a, ht, tsc, tscinvbit, tscinv, bmi1, bmi2, adx,

Memory: 4k page, system-wide physical 16297M (847M free)
TotalPageFile size 36777M (AvailPageFile size 10616M)
current process WorkingSet (physical memory assigned to process): 465M, peak: 470M
current process commit charge ("private bytes"): 622M, peak: 628M

vm_info: Java HotSpot(TM) 64-Bit Server VM (11.0.16.1+1-LTS-1) for windows-amd64 JRE (11.0.16.1+1-LTS-1), built on Aug 16 2022 01:46:01 by "mach5one" with MS VC++ 15.9 (VS2017)

END.
